#
# A fatal error has been detected by the Java Runtime Environment:
#
#  EXCEPTION_ACCESS_VIOLATION (0xc0000005) at pc=0x0000000023b7ff48, pid=24940, tid=0x0000000000000e80
#
# JRE version: Java(TM) SE Runtime Environment (8.0_144-b01) (build 1.8.0_144-b01)
# Java VM: Java HotSpot(TM) 64-Bit Server VM (25.144-b01 mixed mode windows-amd64 compressed oops)
# Problematic frame:
# C  0x0000000023b7ff48
#
# Failed to write core dump. Minidumps are not enabled by default on client versions of Windows
#
# If you would like to submit a bug report, please visit:
#   http://bugreport.java.com/bugreport/crash.jsp
#

---------------  T H R E A D  ---------------

Current thread is native thread

siginfo: ExceptionCode=0xc0000005, reading address 0x0000000000000000

Registers:
RAX=0x0000000038be3d7c, RBX=0x0000000023aa0000, RCX=0x0000000000000000, RDX=0x00000000239b3e84
RSP=0x0000000020cfdff0, RBP=0x0000000000000000, RSI=0x0000000000000000, RDI=0x0000000000000000
R8 =0x00000000239b3e80, R9 =0x0000000000000024, R10=0x0000000023b22970, R11=0x00000000239b3f10
R12=0x0000000000000024, R13=0x00000000000003f0, R14=0x0000000000000000, R15=0x0000000038be3d7c
RIP=0x0000000023b7ff48, EFLAGS=0x0000000000010246

Top of Stack: (sp=0x0000000020cfdff0)
0x0000000020cfdff0:   0000000007ac416c 00000000236c0860
0x0000000020cfe000:   0000000000000024 0000000000000000
0x0000000020cfe010:   0000000023aa0000 00007ff9bd4e2c28
0x0000000020cfe020:   00000000000003f0 0000000023aa0000
0x0000000020cfe030:   0000000000000024 00000000000003f0
0x0000000020cfe040:   0000000000000000 0000000000000000
0x0000000020cfe050:   0000000000000000 0000000000000000
0x0000000020cfe060:   0000000000000000 0000000038be3d7c
0x0000000020cfe070:   0000000000000000 0000000000000000
0x0000000020cfe080:   00000000239b3e80 0000000000000024
0x0000000020cfe090:   0000000023b7fec0 0000000033580098
0x0000000020cfe0a0:   0000000000000000 00000000236c0860
0x0000000020cfe0b0:   00007ff9bd4f7a90 00007ff9bd4f7a90
0x0000000020cfe0c0:   0000000000000000 0000000000000000
0x0000000020cfe0d0:   0000000020cfe220 00007ffa3d86dd93
0x0000000020cfe0e0:   0000000000000000 0000000000000000 

Instructions: (pc=0x0000000023b7ff48)
0x0000000023b7ff28:   78 08 48 be b0 c6 af 23 00 00 00 00 48 8b 36 48
0x0000000023b7ff38:   8b b6 98 03 00 00 48 8b f9 48 c1 e7 04 48 03 f7
0x0000000023b7ff48:   8b 3e 8b 6e 04 89 78 0c 89 68 10 8b 7e 08 8b 6e
0x0000000023b7ff58:   0c 89 78 14 89 68 18 48 83 c0 1c 49 3b d3 75 83 


Register to memory mapping:

RAX=0x0000000038be3d7c is an unknown value
RBX=0x0000000023aa0000 is an unknown value
RCX=0x0000000000000000 is an unknown value
RDX=0x00000000239b3e84 is an unknown value
RSP=0x0000000020cfdff0 is an unknown value
RBP=0x0000000000000000 is an unknown value
RSI=0x0000000000000000 is an unknown value
RDI=0x0000000000000000 is an unknown value
R8 =0x00000000239b3e80 is an unknown value
R9 =0x0000000000000024 is an unknown value
R10=0x0000000023b22970 is an unknown value
R11=0x00000000239b3f10 is an unknown value
R12=0x0000000000000024 is an unknown value
R13=0x00000000000003f0 is an unknown value
R14=0x0000000000000000 is an unknown value
R15=0x0000000038be3d7c is an unknown value


Stack: [0x0000000020c00000,0x0000000020d00000],  sp=0x0000000020cfdff0,  free space=1015k
Native frames: (J=compiled Java code, j=interpreted, Vv=VM code, C=native code)


---------------  P R O C E S S  ---------------

VM state:not at safepoint (normal execution)

VM Mutex/Monitor currently owned by a thread: None

Heap:
 PSYoungGen      total 76288K, used 48894K [0x000000076b000000, 0x0000000770500000, 0x00000007c0000000)
  eden space 65536K, 74% used [0x000000076b000000,0x000000076dfbf968,0x000000076f000000)
  from space 10752K, 0% used [0x000000076fa80000,0x000000076fa80000,0x0000000770500000)
  to   space 10752K, 0% used [0x000000076f000000,0x000000076f000000,0x000000076fa80000)
 ParOldGen       total 175104K, used 0K [0x00000006c1000000, 0x00000006cbb00000, 0x000000076b000000)
  object space 175104K, 0% used [0x00000006c1000000,0x00000006c1000000,0x00000006cbb00000)
 Metaspace       used 11404K, capacity 11643K, committed 12032K, reserved 1060864K
  class space    used 884K, capacity 978K, committed 1024K, reserved 1048576K

Card table byte_map: [0x0000000011880000,0x0000000012080000] byte_map_base: 0x000000000e278000

Marking Bits: (ParMarkBitMap*) 0x00000000764cd850
 Begin Bits: [0x0000000012dd0000, 0x0000000016d90000)
 End Bits:   [0x0000000016d90000, 0x000000001ad50000)

Polling page: 0x0000000002210000

CodeCache: size=245760Kb used=3495Kb max_used=3514Kb free=242264Kb
 bounds [0x00000000024c0000, 0x0000000002840000, 0x00000000114c0000]
 total_blobs=1766 nmethods=802 adapters=877
 compilation: enabled

Compilation events (10 events):
Event: 4.720 Thread 0x000000001de7f000  796       4       jdk.internal.org.objectweb.asm.ClassWriter::get (49 bytes)
Event: 4.721 Thread 0x000000001de7f000 nmethod 796 0x000000000280e5d0 code [0x000000000280e720, 0x000000000280e868]
Event: 4.722 Thread 0x000000001deb5800  798       3       java.lang.invoke.LambdaForm$Name::<init> (194 bytes)
Event: 4.723 Thread 0x000000001deb5800 nmethod 798 0x000000000280ee90 code [0x000000000280f080, 0x000000000280f998]
Event: 4.723 Thread 0x000000001deb5800  799       3       java.lang.invoke.LambdaForm$NamedFunction::returnType (11 bytes)
Event: 4.723 Thread 0x000000001de7f000  800       4       jdk.internal.org.objectweb.asm.Item::set (143 bytes)
Event: 4.723 Thread 0x000000001deb5800 nmethod 799 0x0000000002824050 code [0x0000000002824200, 0x00000000028248b8]
Event: 4.729 Thread 0x000000001de85000 nmethod 786 0x0000000002828690 code [0x0000000002828840, 0x0000000002829768]
Event: 4.731 Thread 0x000000001deb5800  802       3       java.util.ArrayList$Itr::hasNext (20 bytes)
Event: 4.731 Thread 0x000000001deb5800 nmethod 802 0x000000000280ead0 code [0x000000000280ec20, 0x000000000280edf0]

GC Heap History (0 events):
No events

Deoptimization events (10 events):
Event: 4.626 Thread 0x00000000023c3800 Uncommon trap: reason=class_check action=maybe_recompile pc=0x00000000027d38b8 method=org.lwjgl.system.StructBuffer.get()Lorg/lwjgl/system/Struct; @ 1
Event: 4.626 Thread 0x00000000023c3800 Uncommon trap: reason=speculate_class_check action=maybe_recompile pc=0x00000000027d34e8 method=org.lwjgl.system.Struct.wrap(JILjava/nio/ByteBuffer;)Lorg/lwjgl/system/Struct; @ 44
Event: 4.626 Thread 0x00000000023c3800 Uncommon trap: reason=class_check action=maybe_recompile pc=0x00000000027d38b8 method=org.lwjgl.system.StructBuffer.get()Lorg/lwjgl/system/Struct; @ 1
Event: 4.626 Thread 0x00000000023c3800 Uncommon trap: reason=speculate_class_check action=maybe_recompile pc=0x00000000027d34e8 method=org.lwjgl.system.Struct.wrap(JILjava/nio/ByteBuffer;)Lorg/lwjgl/system/Struct; @ 44
Event: 4.626 Thread 0x00000000023c3800 Uncommon trap: reason=class_check action=maybe_recompile pc=0x00000000027d38b8 method=org.lwjgl.system.StructBuffer.get()Lorg/lwjgl/system/Struct; @ 1
Event: 4.626 Thread 0x00000000023c3800 Uncommon trap: reason=speculate_class_check action=maybe_recompile pc=0x00000000027d34e8 method=org.lwjgl.system.Struct.wrap(JILjava/nio/ByteBuffer;)Lorg/lwjgl/system/Struct; @ 44
Event: 4.628 Thread 0x00000000023c3800 Uncommon trap: reason=speculate_class_check action=maybe_recompile pc=0x00000000027f80d0 method=org.lwjgl.system.Struct.wrap(JILjava/nio/ByteBuffer;)Lorg/lwjgl/system/Struct; @ 44
Event: 4.628 Thread 0x00000000023c3800 Uncommon trap: reason=speculate_class_check action=maybe_recompile pc=0x00000000027f80d0 method=org.lwjgl.system.Struct.wrap(JILjava/nio/ByteBuffer;)Lorg/lwjgl/system/Struct; @ 44
Event: 4.663 Thread 0x00000000023c3800 Uncommon trap: reason=unstable_if action=reinterpret pc=0x00000000027fabe0 method=org.cdnomlqko.jglutil.utils.ModelLoader.load(Ljava/lang/String;)Lorg/cdnomlqko/jglutil/mesh/BasicMesh; @ 218
Event: 4.677 Thread 0x00000000023c3800 Uncommon trap: reason=unstable_if action=reinterpret pc=0x00000000027f72e4 method=org.cdnomlqko.jglutil.utils.ModelLoader.load(Ljava/lang/String;)Lorg/cdnomlqko/jglutil/mesh/BasicMesh; @ 294

Internal exceptions (10 events):
Event: 0.351 Thread 0x00000000023c3800 Exception <a 'sun/nio/fs/WindowsException'> (0x000000076b7dc898) thrown at [C:\re\workspace\8-2-build-windows-amd64-cygwin\jdk8u144\9417\hotspot\src\share\vm\prims\jni.cpp, line 709]
Event: 0.351 Thread 0x00000000023c3800 Exception <a 'sun/nio/fs/WindowsException'> (0x000000076b7dcfb0) thrown at [C:\re\workspace\8-2-build-windows-amd64-cygwin\jdk8u144\9417\hotspot\src\share\vm\prims\jni.cpp, line 709]
Event: 0.368 Thread 0x00000000023c3800 Exception <a 'sun/nio/fs/WindowsException'> (0x000000076b87c428) thrown at [C:\re\workspace\8-2-build-windows-amd64-cygwin\jdk8u144\9417\hotspot\src\share\vm\prims\jni.cpp, line 709]
Event: 0.368 Thread 0x00000000023c3800 Exception <a 'sun/nio/fs/WindowsException'> (0x000000076b87caf0) thrown at [C:\re\workspace\8-2-build-windows-amd64-cygwin\jdk8u144\9417\hotspot\src\share\vm\prims\jni.cpp, line 709]
Event: 0.841 Thread 0x00000000023c3800 Exception <a 'sun/nio/fs/WindowsException'> (0x000000076b8fb5a0) thrown at [C:\re\workspace\8-2-build-windows-amd64-cygwin\jdk8u144\9417\hotspot\src\share\vm\prims\jni.cpp, line 709]
Event: 0.841 Thread 0x00000000023c3800 Exception <a 'sun/nio/fs/WindowsException'> (0x000000076b8fbcd0) thrown at [C:\re\workspace\8-2-build-windows-amd64-cygwin\jdk8u144\9417\hotspot\src\share\vm\prims\jni.cpp, line 709]
Event: 0.843 Thread 0x00000000023c3800 Exception <a 'sun/nio/fs/WindowsException'> (0x000000076b90b398) thrown at [C:\re\workspace\8-2-build-windows-amd64-cygwin\jdk8u144\9417\hotspot\src\share\vm\prims\jni.cpp, line 709]
Event: 0.843 Thread 0x00000000023c3800 Exception <a 'sun/nio/fs/WindowsException'> (0x000000076b90b978) thrown at [C:\re\workspace\8-2-build-windows-amd64-cygwin\jdk8u144\9417\hotspot\src\share\vm\prims\jni.cpp, line 709]
Event: 1.344 Thread 0x00000000023c3800 Exception <a 'sun/nio/fs/WindowsException'> (0x000000076c6d7eb0) thrown at [C:\re\workspace\8-2-build-windows-amd64-cygwin\jdk8u144\9417\hotspot\src\share\vm\prims\jni.cpp, line 709]
Event: 1.344 Thread 0x00000000023c3800 Exception <a 'sun/nio/fs/WindowsException'> (0x000000076c6d85a0) thrown at [C:\re\workspace\8-2-build-windows-amd64-cygwin\jdk8u144\9417\hotspot\src\share\vm\prims\jni.cpp, line 709]

Events (10 events):
Event: 4.722 loading class org/cdnomlqko/jglutil/utils/FramerateManager$OneSecondPassedCallback
Event: 4.722 loading class org/cdnomlqko/jglutil/utils/FramerateManager$OneSecondPassedCallback done
Event: 4.722 loading class org/cdnomlqko/jglutil/utils/FramerateManager$OneSecondPassedCallback
Event: 4.722 loading class org/cdnomlqko/jglutil/utils/FramerateManager$OneSecondPassedCallback done
Event: 4.723 loading class org/cdnomlqko/jglutil/utils/TransformController
Event: 4.723 loading class org/cdnomlqko/jglutil/utils/TransformController done
Event: 4.725 loading class org/cdnomlqko/jglutil/utils/ColorConverter
Event: 4.725 loading class org/cdnomlqko/jglutil/utils/ColorConverter done
Event: 4.726 loading class org/cdnomlqko/jglutil/Renderer
Event: 4.726 loading class org/cdnomlqko/jglutil/Renderer done


Dynamic libraries:
0x00007ff7d7860000 - 0x00007ff7d7897000 	D:\Devel\jdk1.8\bin\javaw.exe
0x00007ffa3fa70000 - 0x00007ffa3fc66000 	C:\WINDOWS\SYSTEM32\ntdll.dll
0x00007ffa0c3e0000 - 0x00007ffa0c3f2000 	C:\Program Files\AVAST Software\Avast\aswhook.dll
0x00007ffa3f240000 - 0x00007ffa3f2fd000 	C:\WINDOWS\System32\KERNEL32.DLL
0x00007ffa3d810000 - 0x00007ffa3dad8000 	C:\WINDOWS\System32\KERNELBASE.dll
0x00007ffa3f300000 - 0x00007ffa3f3aa000 	C:\WINDOWS\System32\ADVAPI32.dll
0x00007ffa3e350000 - 0x00007ffa3e3ee000 	C:\WINDOWS\System32\msvcrt.dll
0x00007ffa3df50000 - 0x00007ffa3dfeb000 	C:\WINDOWS\System32\sechost.dll
0x00007ffa3f110000 - 0x00007ffa3f234000 	C:\WINDOWS\System32\RPCRT4.dll
0x00007ffa3f560000 - 0x00007ffa3f700000 	C:\WINDOWS\System32\USER32.dll
0x00007ffa3d690000 - 0x00007ffa3d6b2000 	C:\WINDOWS\System32\win32u.dll
0x00007ffa3f8d0000 - 0x00007ffa3f8fa000 	C:\WINDOWS\System32\GDI32.dll
0x00007ffa3d580000 - 0x00007ffa3d689000 	C:\WINDOWS\System32\gdi32full.dll
0x00007ffa3d430000 - 0x00007ffa3d4cd000 	C:\WINDOWS\System32\msvcp_win.dll
0x00007ffa3d710000 - 0x00007ffa3d810000 	C:\WINDOWS\System32\ucrtbase.dll
0x00007ffa31630000 - 0x00007ffa318cb000 	C:\WINDOWS\WinSxS\amd64_microsoft.windows.common-controls_6595b64144ccf1df_6.0.19041.488_none_ca04af081b815d21\COMCTL32.dll
0x00007ffa3e460000 - 0x00007ffa3e490000 	C:\WINDOWS\System32\IMM32.DLL
0x0000000076550000 - 0x0000000076622000 	D:\Devel\jdk1.8\jre\bin\msvcr100.dll
0x0000000075cb0000 - 0x000000007654d000 	D:\Devel\jdk1.8\jre\bin\server\jvm.dll
0x00007ffa3e190000 - 0x00007ffa3e198000 	C:\WINDOWS\System32\PSAPI.DLL
0x00007ffa2f6a0000 - 0x00007ffa2f6a9000 	C:\WINDOWS\SYSTEM32\WSOCK32.dll
0x00007ffa3f760000 - 0x00007ffa3f7cb000 	C:\WINDOWS\System32\WS2_32.dll
0x00007ffa31ed0000 - 0x00007ffa31ef7000 	C:\WINDOWS\SYSTEM32\WINMM.dll
0x00007ffa368c0000 - 0x00007ffa368ca000 	C:\WINDOWS\SYSTEM32\VERSION.dll
0x0000000077d00000 - 0x0000000077d0f000 	D:\Devel\jdk1.8\jre\bin\verify.dll
0x0000000077cd0000 - 0x0000000077cf9000 	D:\Devel\jdk1.8\jre\bin\java.dll
0x0000000077cb0000 - 0x0000000077cc6000 	D:\Devel\jdk1.8\jre\bin\zip.dll
0x00007ffa3e9d0000 - 0x00007ffa3f110000 	C:\WINDOWS\System32\SHELL32.dll
0x00007ffa3b140000 - 0x00007ffa3b8d4000 	C:\WINDOWS\SYSTEM32\windows.storage.dll
0x00007ffa3e4a0000 - 0x00007ffa3e7f5000 	C:\WINDOWS\System32\combase.dll
0x00007ffa3ca90000 - 0x00007ffa3cabc000 	C:\WINDOWS\SYSTEM32\Wldp.dll
0x00007ffa3e080000 - 0x00007ffa3e12e000 	C:\WINDOWS\System32\SHCORE.dll
0x00007ffa3e400000 - 0x00007ffa3e455000 	C:\WINDOWS\System32\shlwapi.dll
0x00007ffa3d0f0000 - 0x00007ffa3d116000 	C:\WINDOWS\SYSTEM32\profapi.dll
0x00000000777b0000 - 0x00000000777ca000 	D:\Devel\jdk1.8\jre\bin\net.dll
0x00007ffa3c880000 - 0x00007ffa3c8ea000 	C:\WINDOWS\system32\mswsock.dll
0x0000000077790000 - 0x00000000777a1000 	D:\Devel\jdk1.8\jre\bin\nio.dll
0x00007ffa237a0000 - 0x00007ffa23804000 	C:\Users\Boby\AppData\Local\Temp\lwjglBoby\3.2.3-build-13\lwjgl.dll
0x00007ff9f29d0000 - 0x00007ff9f2c23000 	C:\Users\Boby\AppData\Local\Temp\lwjglBoby\3.2.3-build-13\jemalloc.dll
0x00007ffa23730000 - 0x00007ffa23792000 	C:\Users\Boby\AppData\Local\Temp\lwjglBoby\3.2.3-build-13\glfw.dll
0x00007ffa3a9e0000 - 0x00007ffa3aa7f000 	C:\WINDOWS\system32\uxtheme.dll
0x00007ffa24560000 - 0x00007ffa245a5000 	C:\WINDOWS\SYSTEM32\dinput8.dll
0x00007ff9ef9f0000 - 0x00007ff9efa01000 	C:\WINDOWS\SYSTEM32\xinput1_4.dll
0x00007ffa3d6c0000 - 0x00007ffa3d70e000 	C:\WINDOWS\System32\cfgmgr32.dll
0x00007ffa3cf20000 - 0x00007ffa3cf4c000 	C:\WINDOWS\SYSTEM32\DEVOBJ.dll
0x00007ffa3abd0000 - 0x00007ffa3abff000 	C:\WINDOWS\SYSTEM32\dwmapi.dll
0x00007ffa1b690000 - 0x00007ffa1b7e2000 	C:\WINDOWS\SYSTEM32\inputhost.dll
0x00007ffa3f960000 - 0x00007ffa3fa2d000 	C:\WINDOWS\System32\OLEAUT32.dll
0x00007ffa3a600000 - 0x00007ffa3a6f2000 	C:\WINDOWS\SYSTEM32\CoreMessaging.dll
0x00007ffa3b8e0000 - 0x00007ffa3b9d7000 	C:\WINDOWS\SYSTEM32\PROPSYS.dll
0x00007ffa38f40000 - 0x00007ffa39096000 	C:\WINDOWS\SYSTEM32\wintypes.dll
0x00007ffa3d500000 - 0x00007ffa3d57f000 	C:\WINDOWS\System32\bcryptPrimitives.dll
0x00007ffa3a2a0000 - 0x00007ffa3a5fe000 	C:\WINDOWS\SYSTEM32\CoreUIComponents.dll
0x00007ffa3bea0000 - 0x00007ffa3bed3000 	C:\WINDOWS\SYSTEM32\ntmarta.dll
0x00007ffa3ba90000 - 0x00007ffa3baa2000 	C:\WINDOWS\SYSTEM32\kernel.appcore.dll
0x00007ffa3e8b0000 - 0x00007ffa3e9c5000 	C:\WINDOWS\System32\MSCTF.dll
0x00007ffa3ba20000 - 0x00007ffa3ba2d000 	C:\WINDOWS\SYSTEM32\HID.DLL
0x00007ffa3dae0000 - 0x00007ffa3df47000 	C:\WINDOWS\System32\SETUPAPI.DLL
0x00007ffa3d4d0000 - 0x00007ffa3d4f7000 	C:\WINDOWS\System32\bcrypt.dll
0x00007ffa3d270000 - 0x00007ffa3d2d0000 	C:\WINDOWS\System32\WINTRUST.dll
0x00007ffa3d2d0000 - 0x00007ffa3d42d000 	C:\WINDOWS\System32\CRYPT32.dll
0x00007ffa3cec0000 - 0x00007ffa3ced2000 	C:\WINDOWS\SYSTEM32\MSASN1.dll
0x00007ffa21070000 - 0x00007ffa21195000 	C:\WINDOWS\SYSTEM32\opengl32.dll
0x00007ffa21040000 - 0x00007ffa2106c000 	C:\WINDOWS\SYSTEM32\GLU32.dll
0x00007ffa3e800000 - 0x00007ffa3e8a9000 	C:\WINDOWS\System32\clbcatq.dll
0x00007ff9bc6c0000 - 0x00007ff9bef05000 	C:\WINDOWS\System32\DriverStore\FileRepository\nv_dispi.inf_amd64_e92a0ac2e05fb2ca\nvoglv64.dll
0x00007ffa3e1a0000 - 0x00007ffa3e2ca000 	C:\WINDOWS\System32\ole32.dll
0x00007ffa37770000 - 0x00007ffa37784000 	C:\WINDOWS\SYSTEM32\WTSAPI32.dll
0x00007ffa327f0000 - 0x00007ffa3282b000 	C:\WINDOWS\SYSTEM32\dxcore.dll
0x00007ff9f4870000 - 0x00007ff9f4b1e000 	C:\WINDOWS\system32\nvspcap64.dll
0x00007ffa3cf70000 - 0x00007ffa3cfbb000 	C:\WINDOWS\SYSTEM32\powrprof.dll
0x00007ffa3cf00000 - 0x00007ffa3cf12000 	C:\WINDOWS\SYSTEM32\UMPDC.dll
0x00007ffa3cac0000 - 0x00007ffa3cb1a000 	C:\WINDOWS\SYSTEM32\WINSTA.dll
0x00007ffa23660000 - 0x00007ffa236b9000 	C:\Users\Boby\AppData\Local\Temp\lwjglBoby\3.2.3-build-13\lwjgl_opengl.dll
0x00007ffa1b7f0000 - 0x00007ffa1b8ec000 	C:\WINDOWS\SYSTEM32\textinputframework.dll
0x00007ff9d2370000 - 0x00007ff9d2a2f000 	C:\Users\Boby\AppData\Local\Temp\lwjglBoby\3.2.3-build-13\assimp.dll
0x00007ffa348a0000 - 0x00007ffa34a84000 	C:\WINDOWS\SYSTEM32\dbghelp.dll

VM Arguments:
jvm_args: -Dfile.encoding=Cp1251 
java_command: org.cdnomlqko.jglutil.examples.SceneExample
java_class_path (initial): D:\Boby\programming\JAVA\LWJGL 3\JGLUtil\target\classes;C:\Users\Boby\.m2\repository\org\lwjgl\lwjgl-stb\3.2.3\lwjgl-stb-3.2.3.jar;C:\Users\Boby\.m2\repository\org\joml\joml\1.9.6\joml-1.9.6.jar;C:\Users\Boby\.m2\repository\org\lwjgl\lwjgl\3.2.3\lwjgl-3.2.3.jar;C:\Users\Boby\.m2\repository\org\lwjgl\lwjgl-assimp\3.2.3\lwjgl-assimp-3.2.3.jar;C:\Users\Boby\.m2\repository\org\lwjgl\lwjgl-bgfx\3.2.3\lwjgl-bgfx-3.2.3.jar;C:\Users\Boby\.m2\repository\org\lwjgl\lwjgl-cuda\3.2.3\lwjgl-cuda-3.2.3.jar;C:\Users\Boby\.m2\repository\org\lwjgl\lwjgl-egl\3.2.3\lwjgl-egl-3.2.3.jar;C:\Users\Boby\.m2\repository\org\lwjgl\lwjgl-glfw\3.2.3\lwjgl-glfw-3.2.3.jar;C:\Users\Boby\.m2\repository\org\lwjgl\lwjgl-jawt\3.2.3\lwjgl-jawt-3.2.3.jar;C:\Users\Boby\.m2\repository\org\lwjgl\lwjgl-jemalloc\3.2.3\lwjgl-jemalloc-3.2.3.jar;C:\Users\Boby\.m2\repository\org\lwjgl\lwjgl-libdivide\3.2.3\lwjgl-libdivide-3.2.3.jar;C:\Users\Boby\.m2\repository\org\lwjgl\lwjgl-llvm\3.2.3\lwjgl-llvm-3.2.3.jar;C:\Users\Boby\.m2\repository\org\lwjgl\lwjgl-lmdb\3.2.3\lwjgl-lmdb-3.2.3.jar;C:\Users\Boby\.m2\repository\org\lwjgl\lwjgl-lz4\3.2.3\lwjgl-lz4-3.2.3.jar;C:\Users\Boby\.m2\repository\org\lwjgl\lwjgl-meow\3.2.3\lwjgl-meow-3.2.3.jar;C:\Users\Boby\.m2\repository\org\lwjgl\lwjgl-nanovg\3.2.3\lwjgl-nanovg-3.2.3.jar;C:\Users\Boby\.m2\repository\org\lwjgl\lwjgl-nfd\3.2.3\lwjgl-nfd-3.2.3.jar;C:\Users\Boby\.m2\repository\org\lwjgl\lwjgl-nuklear\3.2.3\lwjgl-nuklear-3.2.3.jar;C:\Users\Boby\.m2\repository\org\lwjgl\lwjgl-odbc\3.2.3\lwjgl-odbc-3.2.3.jar;C:\Users\Boby\.m2\repository\org\lwjgl\lwjgl-openal\3.2.3\lwjgl-openal-3.2.3.jar;C:\Users\Boby\.m2\repository\org\lwjgl\lwjgl-opencl\3.2.3\lwjgl-opencl-3.2.3.jar;C:\Users\Boby\.m2\repository\org\lwjgl\lwjgl-opengl\3.2.3\lwjgl-opengl-3.2.3.jar;C:\Users\Boby\.m2\repository\org\lwjgl\lwjgl-opengles\3.2.3\lwjgl-opengles-3.2.3.jar;C:\Users\Boby\.m2\repository\org\lwjgl\lwjgl-openvr\3.2.3\lwjgl-openvr-3.2.3.jar;C:\Users\Boby\.m2\repository\org\lwjgl\lwj
Launcher Type: SUN_STANDARD

Environment Variables:
JAVA_HOME=D:\Devel\jdk1.8
PATH=C:\Program Files\Python37\Scripts\;C:\Program Files\Python37\;C:\Program Files\NVIDIA GPU Computing Toolkit\CUDA\v10.1\bin;C:\Program Files\NVIDIA GPU Computing Toolkit\CUDA\v10.1\libnvvp;C:\Program Files (x86)\Common Files\Oracle\Java\javapath;C:\ProgramData\Oracle\Java\javapath;C:\WINDOWS\system32;C:\WINDOWS;C:\WINDOWS\System32\Wbem;C:\WINDOWS\System32\WindowsPowerShell\v1.0\;C:\MinGW\bin;C:\Program Files (x86)\NVIDIA Corporation\PhysX\Common;C:\Program Files (x86)\GtkSharp\2.12\bin;C:\Program Files (x86)\IVI Foundation\VISA\WinNT\Bin;C:\Windows\system32;C:\Windows;C:\Windows\System32\Wbem;C:\Windows\System32\WindowsPowerShell\v1.0\;C:\Windows\System32\OpenSSH\;C:\Program Files\NVIDIA Corporation\NVIDIA NvDLISR;C:\WINDOWS\System32\OpenSSH\;C:\Program Files (x86)\Python37-32\;C:\Program Files (x86)\Brackets\command;C:\Program Files\Git\cmd;D:\Devel\jdk1.8\bin;D:\Devel\node.js\;D:\Boby\programming\_custom_commands\crypto_images;C:\Program Files\NVIDIA Corporation\Nsight Compute 2019.4.0\;D:\SFML-2.5.1\bin;C:\CMake\bin;D:\DevTools\apache-ant-1.10.8\bin;;%SystemRoot%\system32;%SystemRoot%;%SystemRoot%\System32\Wbem;%SYSTEMROOT%\System32\WindowsPowerShell\v1.0\;%SYSTEMROOT%\System32\OpenSSH\;C:\Users\Boby\AppData\Local\Microsoft\WindowsApps;C:\Users\Boby\AppData\Local\GitHubDesktop\bin;D:\Devel\apache-maven-3.6.0\bin;;C:\Users\Boby\AppData\Local\Microsoft\WindowsApps;C:\Users\Boby\AppData\Roaming\npm
USERNAME=Boby
OS=Windows_NT
PROCESSOR_IDENTIFIER=Intel64 Family 6 Model 94 Stepping 3, GenuineIntel



---------------  S Y S T E M  ---------------

OS: Windows 10.0 , 64 bit Build 19041 (10.0.19041.546)

CPU:total 8 (initial active 8) (4 cores per cpu, 2 threads per core) family 6 model 94 stepping 3, cmov, cx8, fxsr, mmx, sse, sse2, sse3, ssse3, sse4.1, sse4.2, popcnt, avx, avx2, aes, clmul, erms, rtm, 3dnowpref, lzcnt, ht, tsc, tscinvbit, bmi1, bmi2, adx

Memory: 4k page, physical 16709072k(5108784k free), swap 28243408k(9122256k free)

vm_info: Java HotSpot(TM) 64-Bit Server VM (25.144-b01) for windows-amd64 JRE (1.8.0_144-b01), built on Jul 21 2017 21:57:33 by "java_re" with MS VC++ 10.0 (VS2010)

time: Wed Nov 04 23:25:12 2020
elapsed time: 4 seconds (0d 0h 0m 4s)

