#
# A fatal error has been detected by the Java Runtime Environment:
#
#  EXCEPTION_ACCESS_VIOLATION (0xc0000005) at pc=0x0000000064a5de67, pid=4204, tid=0x0000000000004bf8
#
# JRE version: Java(TM) SE Runtime Environment (8.0_144-b01) (build 1.8.0_144-b01)
# Java VM: Java HotSpot(TM) 64-Bit Server VM (25.144-b01 mixed mode windows-amd64 compressed oops)
# Problematic frame:
# C  [imgui-java64.dll+0x5de67]
#
# Failed to write core dump. Minidumps are not enabled by default on client versions of Windows
#
# If you would like to submit a bug report, please visit:
#   http://bugreport.java.com/bugreport/crash.jsp
# The crash happened outside the Java Virtual Machine in native code.
# See problematic frame for where to report the bug.
#

---------------  T H R E A D  ---------------

Current thread (0x00000000027e4000):  JavaThread "main" [_thread_in_native, id=19448, stack(0x00000000026e0000,0x00000000027e0000)]

siginfo: ExceptionCode=0xc0000005, reading address 0x000000000000000c

Registers:
RAX=0x0000000000000008, RBX=0x0000000027690e60, RCX=0x00000000027e41f8, RDX=0x00000000027df040
RSP=0x00000000027def70, RBP=0x00000000027df020, RSI=0x000000001bf2a580, RDI=0x00000000028e7e70
R8 =0x0000000000000042, R9 =0x000000076cb03c48, R10=0x0000000000000008, R11=0x000000006b61f4d8
R12=0x00000000027e41f8, R13=0x00000000027df040, R14=0x00000000027df040, R15=0x00000000027e4000
RIP=0x0000000064a5de67, EFLAGS=0x0000000000010246

Top of Stack: (sp=0x00000000027def70)
0x00000000027def70:   00000000028e7e70 00000000028f7e06
0x00000000027def80:   00000000027df400 00000000027e4000
0x00000000027def90:   0000000027690e60 0000000000000000
0x00000000027defa0:   0000000027690e60 00000000028f7f74
0x00000000027defb0:   00000000027e4000 0000000027690e60
0x00000000027defc0:   000000001bf2a580 00000000027e4000
0x00000000027defd0:   00000000027df0a8 00000000028f7ca2
0x00000000027defe0:   00000000027defe0 0000000027690e60
0x00000000027deff0:   00000000027df040 0000000027696ca0
0x00000000027df000:   0000000000000000 0000000027690e60
0x00000000027df010:   0000000000000000 00000000027df040
0x00000000027df020:   00000000027df090 00000000028e7da0
0x00000000027df030:   0000000000000000 00000000028f19d6
0x00000000027df040:   000000076cb03c48 000000076cb03c48
0x00000000027df050:   00000000027df050 0000000027690f92
0x00000000027df060:   00000000027df0a8 0000000027696ca0 

Instructions: (pc=0x0000000064a5de67)
0x0000000064a5de47:   28 49 89 cc 49 89 d5 e8 5d b3 08 00 4d 8b 0c 24
0x0000000064a5de57:   4c 89 ea 4c 89 e1 49 89 c0 41 ff 91 28 03 00 00
0x0000000064a5de67:   8b 40 04 48 83 c4 28 41 5c 41 5d c3 66 66 2e 0f
0x0000000064a5de77:   1f 84 00 00 00 00 00 66 90 41 55 41 54 53 48 83 


Register to memory mapping:

RAX=0x0000000000000008 is an unknown value
RBX={method} {0x0000000027690e68} 'getBackendFlags' '()I' in 'imgui/ImGuiIO'
RCX=0x00000000027e41f8 is an unknown value
RDX=0x00000000027df040 is pointing into the stack for thread: 0x00000000027e4000
RSP=0x00000000027def70 is pointing into the stack for thread: 0x00000000027e4000
RBP=0x00000000027df020 is pointing into the stack for thread: 0x00000000027e4000
RSI=0x000000001bf2a580 is pointing into metadata
RDI=0x00000000028e7e70 is at code_begin+1040 in an Interpreter codelet
invoke return entry points  [0x00000000028e7a60, 0x00000000028e8440]  2528 bytes
R8 =0x0000000000000042 is an unknown value
R9 =0x000000076cb03c48 is an oop
imgui.ImGuiIO 
 - klass: 'imgui/ImGuiIO'
R10=0x0000000000000008 is an unknown value
R11=0x000000006b61f4d8 is an unknown value
R12=0x00000000027e41f8 is an unknown value
R13=0x00000000027df040 is pointing into the stack for thread: 0x00000000027e4000
R14=0x00000000027df040 is pointing into the stack for thread: 0x00000000027e4000
R15=0x00000000027e4000 is a thread


Stack: [0x00000000026e0000,0x00000000027e0000],  sp=0x00000000027def70,  free space=1019k
Native frames: (J=compiled Java code, j=interpreted, Vv=VM code, C=native code)
C  [imgui-java64.dll+0x5de67]
C  0x00000000028f7f74

Java frames: (J=compiled Java code, j=interpreted, Vv=VM code)
j  imgui.ImGuiIO.getBackendFlags()I+0
j  imgui.ImGuiIO.addBackendFlags(I)V+2
j  imgui.glfw.ImGuiImplGlfw.init(JZ)Z+19
j  org.cdnomlqko.jglutil.examples.GUITest.GUITest.init()V+366
j  org.cdnomlqko.jglutil.examples.ApplicationBase.run()V+28
j  org.cdnomlqko.jglutil.examples.GUITest.GUITest.main([Ljava/lang/String;)V+7
v  ~StubRoutines::call_stub

---------------  P R O C E S S  ---------------

Java Threads: ( => current thread )
  0x00000000262f8800 JavaThread "Timer-0" [_thread_blocked, id=9516, stack(0x0000000027850000,0x0000000027950000)]
  0x000000001e2e4800 JavaThread "Service Thread" daemon [_thread_blocked, id=26576, stack(0x000000001ee40000,0x000000001ef40000)]
  0x000000001e287000 JavaThread "C1 CompilerThread3" daemon [_thread_blocked, id=26100, stack(0x000000001ed40000,0x000000001ee40000)]
  0x000000001c36a000 JavaThread "C2 CompilerThread2" daemon [_thread_blocked, id=6756, stack(0x000000001ec40000,0x000000001ed40000)]
  0x000000001e27b000 JavaThread "C2 CompilerThread1" daemon [_thread_blocked, id=20176, stack(0x000000001eb40000,0x000000001ec40000)]
  0x000000001e279000 JavaThread "C2 CompilerThread0" daemon [_thread_blocked, id=5096, stack(0x000000001ea40000,0x000000001eb40000)]
  0x000000001e277000 JavaThread "Attach Listener" daemon [_thread_blocked, id=1628, stack(0x000000001e940000,0x000000001ea40000)]
  0x000000001e274000 JavaThread "Signal Dispatcher" daemon [_thread_blocked, id=624, stack(0x000000001e840000,0x000000001e940000)]
  0x000000001e260800 JavaThread "Finalizer" daemon [_thread_blocked, id=24512, stack(0x000000001e640000,0x000000001e740000)]
  0x000000001c35d800 JavaThread "Reference Handler" daemon [_thread_blocked, id=8084, stack(0x000000001e140000,0x000000001e240000)]
=>0x00000000027e4000 JavaThread "main" [_thread_in_native, id=19448, stack(0x00000000026e0000,0x00000000027e0000)]

Other Threads:
  0x000000001c359800 VMThread [stack: 0x000000001e040000,0x000000001e140000] [id=18404]
  0x000000001e2e9800 WatcherThread [stack: 0x000000001ef40000,0x000000001f040000] [id=27556]

VM state:not at safepoint (normal execution)

VM Mutex/Monitor currently owned by a thread: None

Heap:
 PSYoungGen      total 76288K, used 30748K [0x000000076b000000, 0x0000000770500000, 0x00000007c0000000)
  eden space 65536K, 46% used [0x000000076b000000,0x000000076ce07278,0x000000076f000000)
  from space 10752K, 0% used [0x000000076fa80000,0x000000076fa80000,0x0000000770500000)
  to   space 10752K, 0% used [0x000000076f000000,0x000000076f000000,0x000000076fa80000)
 ParOldGen       total 175104K, used 0K [0x00000006c1000000, 0x00000006cbb00000, 0x000000076b000000)
  object space 175104K, 0% used [0x00000006c1000000,0x00000006c1000000,0x00000006cbb00000)
 Metaspace       used 11851K, capacity 12139K, committed 12288K, reserved 1060864K
  class space    used 906K, capacity 1010K, committed 1024K, reserved 1048576K

Card table byte_map: [0x0000000011ca0000,0x00000000124a0000] byte_map_base: 0x000000000e698000

Marking Bits: (ParMarkBitMap*) 0x000000006b62d850
 Begin Bits: [0x00000000131f0000, 0x00000000171b0000)
 End Bits:   [0x00000000171b0000, 0x000000001b170000)

Polling page: 0x0000000002530000

CodeCache: size=245760Kb used=3507Kb max_used=3507Kb free=242252Kb
 bounds [0x00000000028e0000, 0x0000000002c50000, 0x00000000118e0000]
 total_blobs=1927 nmethods=792 adapters=1048
 compilation: enabled

Compilation events (10 events):
Event: 1.389 Thread 0x000000001e287000  788       3       sun.misc.URLClassPath$JarLoader$2::getManifest (11 bytes)
Event: 1.389 Thread 0x000000001e287000 nmethod 788 0x0000000002c49ad0 code [0x0000000002c49c40, 0x0000000002c49e88]
Event: 1.389 Thread 0x000000001e287000  789       3       java.util.jar.JarFile::getManifest (5 bytes)
Event: 1.390 Thread 0x000000001e287000 nmethod 789 0x0000000002c49750 code [0x0000000002c498c0, 0x0000000002c49a48]
Event: 1.390 Thread 0x000000001e287000  790       3       sun.misc.URLClassPath$JarLoader$2::getInputStream (15 bytes)
Event: 1.390 Thread 0x000000001e287000 nmethod 790 0x0000000002c49290 code [0x0000000002c49400, 0x0000000002c49648]
Event: 1.390 Thread 0x000000001e287000  791       3       sun.misc.URLClassPath$JarLoader$2::getCodeSigners (8 bytes)
Event: 1.390 Thread 0x000000001e287000 nmethod 791 0x0000000002c48e50 code [0x0000000002c48fc0, 0x0000000002c491e8]
Event: 1.390 Thread 0x000000001e287000  792   !   3       java.util.jar.JarFile$JarFileEntry::getCodeSigners (78 bytes)
Event: 1.390 Thread 0x000000001e287000 nmethod 792 0x0000000002c48410 code [0x0000000002c485e0, 0x0000000002c48bf8]

GC Heap History (0 events):
No events

Deoptimization events (6 events):
Event: 0.247 Thread 0x00000000027e4000 Uncommon trap: reason=unstable_if action=reinterpret pc=0x0000000002a52df4 method=java.lang.String.lastIndexOf([CII[CIII)I @ 66
Event: 0.292 Thread 0x00000000027e4000 Uncommon trap: reason=bimorphic action=maybe_recompile pc=0x0000000002a64044 method=java.util.HashMap.getNode(ILjava/lang/Object;)Ljava/util/HashMap$Node; @ 126
Event: 0.292 Thread 0x00000000027e4000 Uncommon trap: reason=bimorphic action=maybe_recompile pc=0x0000000002a64044 method=java.util.HashMap.getNode(ILjava/lang/Object;)Ljava/util/HashMap$Node; @ 126
Event: 0.293 Thread 0x00000000027e4000 Uncommon trap: reason=bimorphic action=maybe_recompile pc=0x0000000002a64044 method=java.util.HashMap.getNode(ILjava/lang/Object;)Ljava/util/HashMap$Node; @ 126
Event: 0.293 Thread 0x00000000027e4000 Uncommon trap: reason=bimorphic action=maybe_recompile pc=0x0000000002a64044 method=java.util.HashMap.getNode(ILjava/lang/Object;)Ljava/util/HashMap$Node; @ 126
Event: 0.294 Thread 0x00000000027e4000 Uncommon trap: reason=bimorphic action=maybe_recompile pc=0x0000000002a65990 method=java.util.HashMap.getNode(ILjava/lang/Object;)Ljava/util/HashMap$Node; @ 126

Internal exceptions (10 events):
Event: 0.372 Thread 0x00000000027e4000 Exception <a 'java/security/PrivilegedActionException'> (0x000000076b996c70) thrown at [C:\re\workspace\8-2-build-windows-amd64-cygwin\jdk8u144\9417\hotspot\src\share\vm\prims\jvm.cpp, line 1390]
Event: 0.382 Thread 0x00000000027e4000 Exception <a 'sun/nio/fs/WindowsException'> (0x000000076b9edb40) thrown at [C:\re\workspace\8-2-build-windows-amd64-cygwin\jdk8u144\9417\hotspot\src\share\vm\prims\jni.cpp, line 709]
Event: 0.382 Thread 0x00000000027e4000 Exception <a 'sun/nio/fs/WindowsException'> (0x000000076b9ee258) thrown at [C:\re\workspace\8-2-build-windows-amd64-cygwin\jdk8u144\9417\hotspot\src\share\vm\prims\jni.cpp, line 709]
Event: 0.402 Thread 0x00000000027e4000 Exception <a 'sun/nio/fs/WindowsException'> (0x000000076ba96398) thrown at [C:\re\workspace\8-2-build-windows-amd64-cygwin\jdk8u144\9417\hotspot\src\share\vm\prims\jni.cpp, line 709]
Event: 0.402 Thread 0x00000000027e4000 Exception <a 'sun/nio/fs/WindowsException'> (0x000000076ba96a60) thrown at [C:\re\workspace\8-2-build-windows-amd64-cygwin\jdk8u144\9417\hotspot\src\share\vm\prims\jni.cpp, line 709]
Event: 0.802 Thread 0x00000000027e4000 Exception <a 'sun/nio/fs/WindowsException'> (0x000000076bb20380) thrown at [C:\re\workspace\8-2-build-windows-amd64-cygwin\jdk8u144\9417\hotspot\src\share\vm\prims\jni.cpp, line 709]
Event: 0.802 Thread 0x00000000027e4000 Exception <a 'sun/nio/fs/WindowsException'> (0x000000076bb20ab0) thrown at [C:\re\workspace\8-2-build-windows-amd64-cygwin\jdk8u144\9417\hotspot\src\share\vm\prims\jni.cpp, line 709]
Event: 0.804 Thread 0x00000000027e4000 Exception <a 'sun/nio/fs/WindowsException'> (0x000000076bb32b70) thrown at [C:\re\workspace\8-2-build-windows-amd64-cygwin\jdk8u144\9417\hotspot\src\share\vm\prims\jni.cpp, line 709]
Event: 0.804 Thread 0x00000000027e4000 Exception <a 'sun/nio/fs/WindowsException'> (0x000000076bb33150) thrown at [C:\re\workspace\8-2-build-windows-amd64-cygwin\jdk8u144\9417\hotspot\src\share\vm\prims\jni.cpp, line 709]
Event: 1.336 Thread 0x00000000027e4000 Exception <a 'sun/nio/fs/WindowsException'> (0x000000076caea748) thrown at [C:\re\workspace\8-2-build-windows-amd64-cygwin\jdk8u144\9417\hotspot\src\share\vm\prims\jni.cpp, line 709]

Events (10 events):
Event: 1.388 loading class imgui/ImGuiPlatformMonitor
Event: 1.388 loading class imgui/ImGuiPlatformMonitor done
Event: 1.388 loading class imgui/callback/ImListClipperCallback
Event: 1.388 loading class imgui/callback/ImListClipperCallback done
Event: 1.389 loading class imgui/callback/ImPlatformFuncViewportSuppFloat
Event: 1.389 loading class imgui/callback/ImPlatformFuncViewportSuppFloat done
Event: 1.389 loading class imgui/type/ImString$InputData
Event: 1.389 loading class imgui/type/ImString$InputData done
Event: 1.389 loading class imgui/type/ImString
Event: 1.389 loading class imgui/type/ImString done


Dynamic libraries:
0x00007ff699f90000 - 0x00007ff699fc7000 	D:\Devel\jdk1.8\bin\javaw.exe
0x00007ffca34b0000 - 0x00007ffca36a5000 	C:\WINDOWS\SYSTEM32\ntdll.dll
0x00007ffc75480000 - 0x00007ffc75493000 	C:\Program Files\AVAST Software\Avast\aswhook.dll
0x00007ffca1ae0000 - 0x00007ffca1b9d000 	C:\WINDOWS\System32\KERNEL32.DLL
0x00007ffca0df0000 - 0x00007ffca10b8000 	C:\WINDOWS\System32\KERNELBASE.dll
0x00007ffca1a20000 - 0x00007ffca1acc000 	C:\WINDOWS\System32\ADVAPI32.dll
0x00007ffca1910000 - 0x00007ffca19ae000 	C:\WINDOWS\System32\msvcrt.dll
0x00007ffca2030000 - 0x00007ffca20cb000 	C:\WINDOWS\System32\sechost.dll
0x00007ffca3260000 - 0x00007ffca338b000 	C:\WINDOWS\System32\RPCRT4.dll
0x00007ffca3030000 - 0x00007ffca31d0000 	C:\WINDOWS\System32\USER32.dll
0x00007ffca0dc0000 - 0x00007ffca0de2000 	C:\WINDOWS\System32\win32u.dll
0x00007ffca3000000 - 0x00007ffca302a000 	C:\WINDOWS\System32\GDI32.dll
0x00007ffca1350000 - 0x00007ffca145b000 	C:\WINDOWS\System32\gdi32full.dll
0x00007ffca0bf0000 - 0x00007ffca0c8d000 	C:\WINDOWS\System32\msvcp_win.dll
0x00007ffca1250000 - 0x00007ffca1350000 	C:\WINDOWS\System32\ucrtbase.dll
0x00007ffc92a30000 - 0x00007ffc92cca000 	C:\WINDOWS\WinSxS\amd64_microsoft.windows.common-controls_6595b64144ccf1df_6.0.19041.844_none_ca00b6081b84eb1d\COMCTL32.dll
0x00007ffca18e0000 - 0x00007ffca1910000 	C:\WINDOWS\System32\IMM32.DLL
0x000000006b6b0000 - 0x000000006b782000 	D:\Devel\jdk1.8\jre\bin\msvcr100.dll
0x000000006ae10000 - 0x000000006b6ad000 	D:\Devel\jdk1.8\jre\bin\server\jvm.dll
0x00007ffca1770000 - 0x00007ffca1778000 	C:\WINDOWS\System32\PSAPI.DLL
0x00007ffc95360000 - 0x00007ffc95387000 	C:\WINDOWS\SYSTEM32\WINMM.dll
0x00007ffc9a780000 - 0x00007ffc9a78a000 	C:\WINDOWS\SYSTEM32\VERSION.dll
0x00007ffc91280000 - 0x00007ffc91289000 	C:\WINDOWS\SYSTEM32\WSOCK32.dll
0x00007ffca19b0000 - 0x00007ffca1a1b000 	C:\WINDOWS\System32\WS2_32.dll
0x000000006ae00000 - 0x000000006ae0f000 	D:\Devel\jdk1.8\jre\bin\verify.dll
0x000000006add0000 - 0x000000006adf9000 	D:\Devel\jdk1.8\jre\bin\java.dll
0x000000006adb0000 - 0x000000006adc6000 	D:\Devel\jdk1.8\jre\bin\zip.dll
0x00007ffca2440000 - 0x00007ffca2b82000 	C:\WINDOWS\System32\SHELL32.dll
0x00007ffc9eb60000 - 0x00007ffc9f2f1000 	C:\WINDOWS\SYSTEM32\windows.storage.dll
0x00007ffca20d0000 - 0x00007ffca2425000 	C:\WINDOWS\System32\combase.dll
0x00007ffca04c0000 - 0x00007ffca04ec000 	C:\WINDOWS\SYSTEM32\Wldp.dll
0x00007ffca1830000 - 0x00007ffca18de000 	C:\WINDOWS\System32\SHCORE.dll
0x00007ffca1570000 - 0x00007ffca15c5000 	C:\WINDOWS\System32\shlwapi.dll
0x00007ffca0b30000 - 0x00007ffca0b4f000 	C:\WINDOWS\SYSTEM32\profapi.dll
0x000000006ad90000 - 0x000000006adaa000 	D:\Devel\jdk1.8\jre\bin\net.dll
0x00007ffca02a0000 - 0x00007ffca030a000 	C:\WINDOWS\system32\mswsock.dll
0x000000006ad70000 - 0x000000006ad81000 	D:\Devel\jdk1.8\jre\bin\nio.dll
0x00007ffc77760000 - 0x00007ffc777c4000 	C:\Users\Boby\AppData\Local\Temp\lwjglBoby\3.2.3-build-13\lwjgl.dll
0x00007ffc4f100000 - 0x00007ffc4f353000 	C:\Users\Boby\AppData\Local\Temp\lwjglBoby\3.2.3-build-13\jemalloc.dll
0x00007ffc71940000 - 0x00007ffc719a2000 	C:\Users\Boby\AppData\Local\Temp\lwjglBoby\3.2.3-build-13\glfw.dll
0x00007ffc9e400000 - 0x00007ffc9e49e000 	C:\WINDOWS\system32\uxtheme.dll
0x00007ffc858d0000 - 0x00007ffc85915000 	C:\WINDOWS\SYSTEM32\dinput8.dll
0x00007ffc9c860000 - 0x00007ffc9c871000 	C:\WINDOWS\SYSTEM32\xinput1_4.dll
0x00007ffca0d70000 - 0x00007ffca0dbe000 	C:\WINDOWS\System32\cfgmgr32.dll
0x00007ffca0930000 - 0x00007ffca095c000 	C:\WINDOWS\SYSTEM32\DEVOBJ.dll
0x00007ffc9e5f0000 - 0x00007ffc9e61f000 	C:\WINDOWS\SYSTEM32\dwmapi.dll
0x00007ffc83ba0000 - 0x00007ffc83cf2000 	C:\WINDOWS\SYSTEM32\inputhost.dll
0x00007ffca1bc0000 - 0x00007ffca1c8d000 	C:\WINDOWS\System32\OLEAUT32.dll
0x00007ffc9e020000 - 0x00007ffc9e112000 	C:\WINDOWS\SYSTEM32\CoreMessaging.dll
0x00007ffc9f310000 - 0x00007ffc9f407000 	C:\WINDOWS\SYSTEM32\PROPSYS.dll
0x00007ffc9c960000 - 0x00007ffc9cab4000 	C:\WINDOWS\SYSTEM32\wintypes.dll
0x00007ffc9dcc0000 - 0x00007ffc9e01e000 	C:\WINDOWS\SYSTEM32\CoreUIComponents.dll
0x00007ffca0cf0000 - 0x00007ffca0d70000 	C:\WINDOWS\System32\bcryptPrimitives.dll
0x00007ffc9f8d0000 - 0x00007ffc9f903000 	C:\WINDOWS\SYSTEM32\ntmarta.dll
0x00007ffc9f4b0000 - 0x00007ffc9f4c2000 	C:\WINDOWS\SYSTEM32\kernel.appcore.dll
0x00007ffca15d0000 - 0x00007ffca16e5000 	C:\WINDOWS\System32\MSCTF.dll
0x00007ffc9f300000 - 0x00007ffc9f30d000 	C:\WINDOWS\SYSTEM32\HID.DLL
0x00007ffca2b90000 - 0x00007ffca2ff9000 	C:\WINDOWS\System32\SETUPAPI.DLL
0x00007ffca1220000 - 0x00007ffca1247000 	C:\WINDOWS\System32\bcrypt.dll
0x00007ffca0c90000 - 0x00007ffca0cf0000 	C:\WINDOWS\System32\WINTRUST.dll
0x00007ffca10c0000 - 0x00007ffca121f000 	C:\WINDOWS\System32\CRYPT32.dll
0x00007ffca08d0000 - 0x00007ffca08e2000 	C:\WINDOWS\SYSTEM32\MSASN1.dll
0x00007ffc7e300000 - 0x00007ffc7e426000 	C:\WINDOWS\SYSTEM32\opengl32.dll
0x00007ffc7e2d0000 - 0x00007ffc7e2fc000 	C:\WINDOWS\SYSTEM32\GLU32.dll
0x00007ffca1780000 - 0x00007ffca1829000 	C:\WINDOWS\System32\clbcatq.dll
0x00007ffc22bf0000 - 0x00007ffc255cc000 	C:\WINDOWS\System32\DriverStore\FileRepository\nv_dispi.inf_amd64_cc5a8fceed9bb371\nvoglv64.dll
0x00007ffca1cf0000 - 0x00007ffca1e1a000 	C:\WINDOWS\System32\ole32.dll
0x00007ffc9b620000 - 0x00007ffc9b634000 	C:\WINDOWS\SYSTEM32\WTSAPI32.dll
0x00007ffc99fa0000 - 0x00007ffc99fd1000 	C:\WINDOWS\SYSTEM32\cryptnet.dll
0x00007ffca0420000 - 0x00007ffca042c000 	C:\WINDOWS\SYSTEM32\cryptbase.dll
0x00007ffc96000000 - 0x00007ffc9603b000 	C:\WINDOWS\SYSTEM32\dxcore.dll
0x00007ffc5c320000 - 0x00007ffc5c5d9000 	C:\WINDOWS\system32\nvspcap64.dll
0x00007ffca09b0000 - 0x00007ffca09fb000 	C:\WINDOWS\SYSTEM32\powrprof.dll
0x00007ffca0960000 - 0x00007ffca0972000 	C:\WINDOWS\SYSTEM32\UMPDC.dll
0x00007ffca04f0000 - 0x00007ffca054a000 	C:\WINDOWS\SYSTEM32\WINSTA.dll
0x00007ffc7b110000 - 0x00007ffc7b169000 	C:\Users\Boby\AppData\Local\Temp\lwjglBoby\3.2.3-build-13\lwjgl_opengl.dll
0x00007ffc8ab20000 - 0x00007ffc8ac19000 	C:\WINDOWS\SYSTEM32\textinputframework.dll
0x0000000064a00000 - 0x0000000064d12000 	C:\Users\Boby\AppData\Local\Temp\imgui-java-natives_1620225888285\imgui-java64.dll
0x00007ffca0850000 - 0x00007ffca0868000 	C:\WINDOWS\SYSTEM32\CRYPTSP.dll
0x00007ffc9fc60000 - 0x00007ffc9fc94000 	C:\WINDOWS\system32\rsaenh.dll
0x00007ffc7ef00000 - 0x00007ffc7efac000 	C:\WINDOWS\SYSTEM32\TextShaping.dll
0x00007ffc97ed0000 - 0x00007ffc980b4000 	C:\WINDOWS\SYSTEM32\dbghelp.dll

VM Arguments:
jvm_args: -Dfile.encoding=Cp1252 
java_command: org.cdnomlqko.jglutil.examples.GUITest.GUITest
java_class_path (initial): D:\Boby\programming\JAVA\LWJGL 3\JGLUtil\target\test-classes;D:\Boby\programming\JAVA\LWJGL 3\JGLUtil\target\classes;C:\Users\Boby\.m2\repository\org\lwjgl\lwjgl-stb\3.2.3\lwjgl-stb-3.2.3.jar;C:\Users\Boby\.m2\repository\org\joml\joml\1.9.6\joml-1.9.6.jar;C:\Users\Boby\.m2\repository\org\lwjgl\lwjgl\3.2.3\lwjgl-3.2.3.jar;C:\Users\Boby\.m2\repository\org\lwjgl\lwjgl-assimp\3.2.3\lwjgl-assimp-3.2.3.jar;C:\Users\Boby\.m2\repository\org\lwjgl\lwjgl-bgfx\3.2.3\lwjgl-bgfx-3.2.3.jar;C:\Users\Boby\.m2\repository\org\lwjgl\lwjgl-cuda\3.2.3\lwjgl-cuda-3.2.3.jar;C:\Users\Boby\.m2\repository\org\lwjgl\lwjgl-egl\3.2.3\lwjgl-egl-3.2.3.jar;C:\Users\Boby\.m2\repository\org\lwjgl\lwjgl-glfw\3.2.3\lwjgl-glfw-3.2.3.jar;C:\Users\Boby\.m2\repository\org\lwjgl\lwjgl-jawt\3.2.3\lwjgl-jawt-3.2.3.jar;C:\Users\Boby\.m2\repository\org\lwjgl\lwjgl-jemalloc\3.2.3\lwjgl-jemalloc-3.2.3.jar;C:\Users\Boby\.m2\repository\org\lwjgl\lwjgl-libdivide\3.2.3\lwjgl-libdivide-3.2.3.jar;C:\Users\Boby\.m2\repository\org\lwjgl\lwjgl-llvm\3.2.3\lwjgl-llvm-3.2.3.jar;C:\Users\Boby\.m2\repository\org\lwjgl\lwjgl-lmdb\3.2.3\lwjgl-lmdb-3.2.3.jar;C:\Users\Boby\.m2\repository\org\lwjgl\lwjgl-lz4\3.2.3\lwjgl-lz4-3.2.3.jar;C:\Users\Boby\.m2\repository\org\lwjgl\lwjgl-meow\3.2.3\lwjgl-meow-3.2.3.jar;C:\Users\Boby\.m2\repository\org\lwjgl\lwjgl-nanovg\3.2.3\lwjgl-nanovg-3.2.3.jar;C:\Users\Boby\.m2\repository\org\lwjgl\lwjgl-nfd\3.2.3\lwjgl-nfd-3.2.3.jar;C:\Users\Boby\.m2\repository\org\lwjgl\lwjgl-nuklear\3.2.3\lwjgl-nuklear-3.2.3.jar;C:\Users\Boby\.m2\repository\org\lwjgl\lwjgl-odbc\3.2.3\lwjgl-odbc-3.2.3.jar;C:\Users\Boby\.m2\repository\org\lwjgl\lwjgl-openal\3.2.3\lwjgl-openal-3.2.3.jar;C:\Users\Boby\.m2\repository\org\lwjgl\lwjgl-opencl\3.2.3\lwjgl-opencl-3.2.3.jar;C:\Users\Boby\.m2\repository\org\lwjgl\lwjgl-opengl\3.2.3\lwjgl-opengl-3.2.3.jar;C:\Users\Boby\.m2\repository\org\lwjgl\lwjgl-opengles\3.2.3\lwjgl-opengles-3.2.3.jar;C:\Users\Boby\.m2\repository\org\lwjgl\lwjgl-openvr\3.2.3\lwjg
Launcher Type: SUN_STANDARD

Environment Variables:
JAVA_HOME=D:\Devel\jdk1.8
PATH=C:\Program Files\Python37\Scripts\;C:\Program Files\Python37\;C:\Program Files\NVIDIA GPU Computing Toolkit\CUDA\v10.1\bin;C:\Program Files\NVIDIA GPU Computing Toolkit\CUDA\v10.1\libnvvp;C:\Program Files (x86)\Common Files\Oracle\Java\javapath;C:\ProgramData\Oracle\Java\javapath;C:\WINDOWS\system32;C:\WINDOWS;C:\WINDOWS\System32\Wbem;C:\WINDOWS\System32\WindowsPowerShell\v1.0\;C:\MinGW\bin;C:\Program Files (x86)\NVIDIA Corporation\PhysX\Common;C:\Program Files (x86)\GtkSharp\2.12\bin;C:\Program Files (x86)\IVI Foundation\VISA\WinNT\Bin;C:\Windows\system32;C:\Windows;C:\Windows\System32\Wbem;C:\Windows\System32\WindowsPowerShell\v1.0\;C:\Windows\System32\OpenSSH\;C:\Program Files\NVIDIA Corporation\NVIDIA NvDLISR;C:\WINDOWS\System32\OpenSSH\;C:\Program Files (x86)\Python37-32\;C:\Program Files (x86)\Brackets\command;C:\Program Files\Git\cmd;D:\Devel\jdk1.8\bin;D:\Devel\node.js\;D:\Boby\programming\_custom_commands\crypto_images;C:\Program Files\NVIDIA Corporation\Nsight Compute 2019.4.0\;D:\SFML-2.5.1\bin;C:\CMake\bin;D:\DevTools\apache-ant-1.10.8\bin;C:\WINDOWS\system32;C:\WINDOWS;C:\WINDOWS\System32\Wbem;C:\WINDOWS\System32\WindowsPowerShell\v1.0\;C:\WINDOWS\System32\OpenSSH\;C:\Program Files\Calibre2\;D:\Install\Denoiser_v2.4;C:\Users\Boby\AppData\Local\Microsoft\WindowsApps;C:\Users\Boby\AppData\Local\GitHubDesktop\bin;D:\Devel\apache-maven-3.6.0\bin;;C:\Users\Boby\AppData\Local\Microsoft\WindowsApps;C:\Users\Boby\AppData\Roaming\npm;C:\Users\Boby\Documents\WindowsPowerShell\Scripts
USERNAME=Boby
OS=Windows_NT
PROCESSOR_IDENTIFIER=Intel64 Family 6 Model 94 Stepping 3, GenuineIntel



---------------  S Y S T E M  ---------------

OS: Windows 10.0 , 64 bit Build 19041 (10.0.19041.928)

CPU:total 8 (initial active 8) (4 cores per cpu, 2 threads per core) family 6 model 94 stepping 3, cmov, cx8, fxsr, mmx, sse, sse2, sse3, ssse3, sse4.1, sse4.2, popcnt, avx, avx2, aes, clmul, erms, rtm, 3dnowpref, lzcnt, ht, tsc, tscinvbit, bmi1, bmi2, adx

Memory: 4k page, physical 16709072k(5079868k free), swap 28325144k(5266548k free)

vm_info: Java HotSpot(TM) 64-Bit Server VM (25.144-b01) for windows-amd64 JRE (1.8.0_144-b01), built on Jul 21 2017 21:57:33 by "java_re" with MS VC++ 10.0 (VS2010)

time: Wed May 05 17:44:49 2021
elapsed time: 3 seconds (0d 0h 0m 3s)

