#
# A fatal error has been detected by the Java Runtime Environment:
#
#  EXCEPTION_ACCESS_VIOLATION (0xc0000005) at pc=0x00007ffe851623f6, pid=13476, tid=0x00000000000016ac
#
# JRE version: Java(TM) SE Runtime Environment (8.0_191-b12) (build 1.8.0_191-b12)
# Java VM: Java HotSpot(TM) 64-Bit Server VM (25.191-b12 mixed mode windows-amd64 compressed oops)
# Problematic frame:
# C  [ig9icd64.dll+0xc23f6]
#
# Failed to write core dump. Minidumps are not enabled by default on client versions of Windows
#
# If you would like to submit a bug report, please visit:
#   http://bugreport.java.com/bugreport/crash.jsp
# The crash happened outside the Java Virtual Machine in native code.
# See problematic frame for where to report the bug.
#

---------------  T H R E A D  ---------------

Current thread (0x0000000002ac4800):  JavaThread "main" [_thread_in_native, id=5804, stack(0x00000000029c0000,0x0000000002ac0000)]

siginfo: ExceptionCode=0xc0000005, reading address 0x00000000278da000

Registers:
RAX=0x0000000000000007, RBX=0x0000000002abebd0, RCX=0x0000000000000000, RDX=0x00000000278d9fc0
RSP=0x0000000002abeae0, RBP=0x0000000002abec40, RSI=0x0000000022cf0000, RDI=0x0000000022cf0380
R8 =0x00000000001d4c00, R9 =0x0000000000003a98, R10=0x0000000000000008, R11=0x000000001c6ccea4
R12=0x0000000000000000, R13=0x0000000002abed60, R14=0x0000000000000320, R15=0x0000000000000001
RIP=0x00007ffe851623f6, EFLAGS=0x0000000000010203

Top of Stack: (sp=0x0000000002abeae0)
0x0000000002abeae0:   cafebabecafebabe 0000000000000000
0x0000000002abeaf0:   0000000000000000 0000000000000000
0x0000000002abeb00:   00000000278d9c40 00007ffe85513efc
0x0000000002abeb10:   0000032000000258 0000000200000031
0x0000000002abeb20:   0000000002abecc0 0000000000000001
0x0000000002abeb30:   0000000000000000 00007ffe855167ff
0x0000000002abeb40:   0000000002abec40 0000000002abed20
0x0000000002abeb50:   0000000022cf0000 00007ffe85514ee0
0x0000000002abeb60:   00007ffe850d0049 00007ffe00000001
0x0000000002abeb70:   00000000278d9c40 0000000100000000
0x0000000002abeb80:   8000010040000240 0000000000000000
0x0000000002abeb90:   0000000022cf0000 0000000000000000
0x0000000002abeba0:   0000000000000000 00007ffe850c5518
0x0000000002abebb0:   00000000250f6c80 0000000000000000
0x0000000002abebc0:   0000000001093400 0000000000000000
0x0000000002abebd0:   00007ffe85aa8e70 000000001c6b41c0 

Instructions: (pc=0x00007ffe851623f6)
0x00007ffe851623d6:   66 66 0f 1f 84 00 00 00 00 00 66 0f 6f 3a 41 ff
0x00007ffe851623e6:   c2 66 0f 6f 72 10 66 0f 6f 6a 20 66 0f 6f 62 30
0x00007ffe851623f6:   66 0f 6f 5a 40 66 0f 6f 52 50 66 0f 6f 4a 60 66
0x00007ffe85162406:   0f 6f 42 70 48 83 ea 80 66 0f e7 3f 66 0f e7 77 


Register to memory mapping:

RAX=0x0000000000000007 is an unknown value
RBX=0x0000000002abebd0 is pointing into the stack for thread: 0x0000000002ac4800
RCX=0x0000000000000000 is an unknown value
RDX=0x00000000278d9fc0 is an unknown value
RSP=0x0000000002abeae0 is pointing into the stack for thread: 0x0000000002ac4800
RBP=0x0000000002abec40 is pointing into the stack for thread: 0x0000000002ac4800
RSI=0x0000000022cf0000 is an unknown value
RDI=0x0000000022cf0380 is an unknown value
R8 =0x00000000001d4c00 is an unknown value
R9 =0x0000000000003a98 is an unknown value
R10=0x0000000000000008 is an unknown value
R11=0x000000001c6ccea4 is an unknown value
R12=0x0000000000000000 is an unknown value
R13=0x0000000002abed60 is pointing into the stack for thread: 0x0000000002ac4800
R14=0x0000000000000320 is an unknown value
R15=0x0000000000000001 is an unknown value


Stack: [0x00000000029c0000,0x0000000002ac0000],  sp=0x0000000002abeae0,  free space=1018k
Native frames: (J=compiled Java code, j=interpreted, Vv=VM code, C=native code)
C  [ig9icd64.dll+0xc23f6]
C  [ig9icd64.dll+0x473efc]
C  [ig9icd64.dll+0x4767ff]
C  [ig9icd64.dll+0x47b788]
C  [ig9icd64.dll+0x326421]
C  [ig9icd64.dll+0x2f12b4]
C  [ig9icd64.dll+0xd6d78]
C  [ig9icd64.dll+0xcd176]
C  [ig9icd64.dll+0xca25d]
C  [lwjgl_opengl.dll+0xcab5]
C  0x0000000002bd8c67

Java frames: (J=compiled Java code, j=interpreted, Vv=VM code)
j  org.lwjgl.opengl.GL11C.nglTexImage2D(IIIIIIIIJ)V+0
j  org.lwjgl.opengl.GL11C.glTexImage2D(IIIIIIIILjava/nio/ByteBuffer;)V+17
j  org.lwjgl.opengl.GL11.glTexImage2D(IIIIIIIILjava/nio/ByteBuffer;)V+14
j  org.boby.RayTracing.utils.Texture.<init>(II)V+79
j  org.boby.RayTracing.main.Main.init()V+49
j  org.boby.RayTracing.main.Main.run()V+54
j  org.boby.RayTracing.main.Main.main([Ljava/lang/String;)V+7
v  ~StubRoutines::call_stub

---------------  P R O C E S S  ---------------

Java Threads: ( => current thread )
  0x0000000019a65000 JavaThread "Service Thread" daemon [_thread_blocked, id=16720, stack(0x000000001a590000,0x000000001a690000)]
  0x0000000019a08000 JavaThread "C1 CompilerThread3" daemon [_thread_blocked, id=19100, stack(0x000000001a490000,0x000000001a590000)]
  0x00000000199d9000 JavaThread "C2 CompilerThread2" daemon [_thread_blocked, id=5740, stack(0x000000001a390000,0x000000001a490000)]
  0x00000000199d2800 JavaThread "C2 CompilerThread1" daemon [_thread_blocked, id=18624, stack(0x000000001a290000,0x000000001a390000)]
  0x00000000199cf800 JavaThread "C2 CompilerThread0" daemon [_thread_blocked, id=2820, stack(0x000000001a190000,0x000000001a290000)]
  0x00000000199cd800 JavaThread "Attach Listener" daemon [_thread_blocked, id=18028, stack(0x000000001a090000,0x000000001a190000)]
  0x00000000199cd000 JavaThread "Signal Dispatcher" daemon [_thread_blocked, id=13708, stack(0x0000000019f90000,0x000000001a090000)]
  0x0000000002bbd800 JavaThread "Finalizer" daemon [_thread_blocked, id=21212, stack(0x0000000019da0000,0x0000000019ea0000)]
  0x0000000002bbc000 JavaThread "Reference Handler" daemon [_thread_blocked, id=14280, stack(0x00000000198a0000,0x00000000199a0000)]
=>0x0000000002ac4800 JavaThread "main" [_thread_in_native, id=5804, stack(0x00000000029c0000,0x0000000002ac0000)]

Other Threads:
  0x0000000017aca000 VMThread [stack: 0x00000000197a0000,0x00000000198a0000] [id=18948]
  0x0000000019a72800 WatcherThread [stack: 0x000000001a690000,0x000000001a790000] [id=18112]

VM state:not at safepoint (normal execution)

VM Mutex/Monitor currently owned by a thread: None

Heap:
 PSYoungGen      total 37888K, used 18188K [0x00000000d6180000, 0x00000000d8b80000, 0x0000000100000000)
  eden space 32768K, 55% used [0x00000000d6180000,0x00000000d7343118,0x00000000d8180000)
  from space 5120K, 0% used [0x00000000d8680000,0x00000000d8680000,0x00000000d8b80000)
  to   space 5120K, 0% used [0x00000000d8180000,0x00000000d8180000,0x00000000d8680000)
 ParOldGen       total 86016K, used 0K [0x0000000082400000, 0x0000000087800000, 0x00000000d6180000)
  object space 86016K, 0% used [0x0000000082400000,0x0000000082400000,0x0000000087800000)
 Metaspace       used 8867K, capacity 9057K, committed 9344K, reserved 1058816K
  class space    used 745K, capacity 818K, committed 896K, reserved 1048576K

Card table byte_map: [0x0000000011f80000,0x0000000012370000] byte_map_base: 0x0000000011b6e000

Marking Bits: (ParMarkBitMap*) 0x000000005aec3e30
 Begin Bits: [0x0000000012e10000, 0x0000000014d80000)
 End Bits:   [0x0000000014d80000, 0x0000000016cf0000)

Polling page: 0x0000000000f90000

CodeCache: size=245760Kb used=3077Kb max_used=3088Kb free=242682Kb
 bounds [0x0000000002bc0000, 0x0000000002ed0000, 0x0000000011bc0000]
 total_blobs=1628 nmethods=707 adapters=834
 compilation: enabled

Compilation events (10 events):
Event: 0.996 Thread 0x0000000019a08000  702       3       java.nio.DirectByteBuffer::put (17 bytes)
Event: 0.996 Thread 0x0000000019a08000 nmethod 702 0x0000000002eb9c10 code [0x0000000002eb9da0, 0x0000000002eba148]
Event: 0.996 Thread 0x00000000199d2800  704       4       java.nio.DirectByteBuffer::put (17 bytes)
Event: 0.997 Thread 0x00000000199d2800 nmethod 704 0x0000000002ec2810 code [0x0000000002ec2940, 0x0000000002ec29f8]
Event: 0.999 Thread 0x0000000019a08000  705 %     3       org.boby.RayTracing.utils.Texture::<init> @ 19 (117 bytes)
Event: 1.000 Thread 0x0000000019a08000 nmethod 705% 0x0000000002ec0c10 code [0x0000000002ec0ec0, 0x0000000002ec1e68]
Event: 1.000 Thread 0x00000000199cf800  706 %     4       org.boby.RayTracing.utils.Texture::<init> @ 19 (117 bytes)
Event: 1.003 Thread 0x00000000199cf800 nmethod 706% 0x0000000002ec0650 code [0x0000000002ec07a0, 0x0000000002ec0a98]
Event: 1.003 Thread 0x00000000199d9000  707       4       org.boby.RayTracing.utils.Texture::<init> (117 bytes)
Event: 1.006 Thread 0x00000000199d9000 nmethod 707 0x0000000002ec00d0 code [0x0000000002ec0220, 0x0000000002ec04a8]

GC Heap History (0 events):
No events

Deoptimization events (2 events):
Event: 0.340 Thread 0x0000000002ac4800 Uncommon trap: reason=unstable_if action=reinterpret pc=0x0000000002d58d7c method=java.lang.String.indexOf([CII[CIII)I @ 3
Event: 1.004 Thread 0x0000000002ac4800 Uncommon trap: reason=unstable_if action=reinterpret pc=0x0000000002ec09e8 method=org.boby.RayTracing.utils.Texture.<init>(II)V @ 35

Classes redefined (0 events):
No events

Internal exceptions (10 events):
Event: 0.222 Thread 0x0000000002ac4800 Exception <a 'java/security/PrivilegedActionException'> (0x00000000d649e0d8) thrown at [C:\re\workspace\8-2-build-windows-amd64-cygwin\jdk8u191\11896\hotspot\src\share\vm\prims\jvm.cpp, line 1435]
Event: 0.222 Thread 0x0000000002ac4800 Exception <a 'java/security/PrivilegedActionException'> (0x00000000d649e2e8) thrown at [C:\re\workspace\8-2-build-windows-amd64-cygwin\jdk8u191\11896\hotspot\src\share\vm\prims\jvm.cpp, line 1435]
Event: 0.222 Thread 0x0000000002ac4800 Exception <a 'java/security/PrivilegedActionException'> (0x00000000d64a1f58) thrown at [C:\re\workspace\8-2-build-windows-amd64-cygwin\jdk8u191\11896\hotspot\src\share\vm\prims\jvm.cpp, line 1435]
Event: 0.222 Thread 0x0000000002ac4800 Exception <a 'java/security/PrivilegedActionException'> (0x00000000d64a2168) thrown at [C:\re\workspace\8-2-build-windows-amd64-cygwin\jdk8u191\11896\hotspot\src\share\vm\prims\jvm.cpp, line 1435]
Event: 0.233 Thread 0x0000000002ac4800 Exception <a 'java/security/PrivilegedActionException'> (0x00000000d6504f68) thrown at [C:\re\workspace\8-2-build-windows-amd64-cygwin\jdk8u191\11896\hotspot\src\share\vm\prims\jvm.cpp, line 1435]
Event: 0.233 Thread 0x0000000002ac4800 Exception <a 'java/security/PrivilegedActionException'> (0x00000000d6505178) thrown at [C:\re\workspace\8-2-build-windows-amd64-cygwin\jdk8u191\11896\hotspot\src\share\vm\prims\jvm.cpp, line 1435]
Event: 0.364 Thread 0x0000000002ac4800 Exception <a 'java/security/PrivilegedActionException'> (0x00000000d68c8348) thrown at [C:\re\workspace\8-2-build-windows-amd64-cygwin\jdk8u191\11896\hotspot\src\share\vm\prims\jvm.cpp, line 1435]
Event: 0.364 Thread 0x0000000002ac4800 Exception <a 'java/security/PrivilegedActionException'> (0x00000000d68c8558) thrown at [C:\re\workspace\8-2-build-windows-amd64-cygwin\jdk8u191\11896\hotspot\src\share\vm\prims\jvm.cpp, line 1435]
Event: 0.689 Thread 0x0000000002ac4800 Exception <a 'sun/nio/fs/WindowsException'> (0x00000000d6a6f470) thrown at [C:\re\workspace\8-2-build-windows-amd64-cygwin\jdk8u191\11896\hotspot\src\share\vm\prims\jni.cpp, line 709]
Event: 0.690 Thread 0x0000000002ac4800 Exception <a 'sun/nio/fs/WindowsException'> (0x00000000d6a6fc58) thrown at [C:\re\workspace\8-2-build-windows-amd64-cygwin\jdk8u191\11896\hotspot\src\share\vm\prims\jni.cpp, line 709]

Events (10 events):
Event: 0.984 loading class org/lwjgl/opengl/GL14C done
Event: 0.984 loading class org/lwjgl/opengl/GL13C
Event: 0.984 loading class org/lwjgl/opengl/GL13C done
Event: 0.984 loading class org/lwjgl/opengl/GL12C
Event: 0.984 loading class org/lwjgl/opengl/GL12C done
Event: 1.003 Thread 0x0000000002ac4800 DEOPT PACKING pc=0x0000000002ec1ba3 sp=0x0000000002abf540
Event: 1.003 Thread 0x0000000002ac4800 DEOPT UNPACKING pc=0x0000000002c07890 sp=0x0000000002abf3e0 mode 0
Event: 1.004 Thread 0x0000000002ac4800 Uncommon trap: trap_request=0xffffff65 fr.pc=0x0000000002ec09e8
Event: 1.004 Thread 0x0000000002ac4800 DEOPT PACKING pc=0x0000000002ec09e8 sp=0x0000000002abf690
Event: 1.004 Thread 0x0000000002ac4800 DEOPT UNPACKING pc=0x0000000002c0583b sp=0x0000000002abf670 mode 2


Dynamic libraries:
0x00007ff7fc9f0000 - 0x00007ff7fca27000 	C:\Program Files\Java\jre1.8.0_191\bin\javaw.exe
0x00007ffefa290000 - 0x00007ffefa471000 	C:\WINDOWS\SYSTEM32\ntdll.dll
0x00007ffee9ec0000 - 0x00007ffee9ed2000 	C:\Program Files\AVAST Software\Avast\aswhook.dll
0x00007ffef7720000 - 0x00007ffef77d2000 	C:\WINDOWS\System32\KERNEL32.DLL
0x00007ffef6700000 - 0x00007ffef6973000 	C:\WINDOWS\System32\KERNELBASE.dll
0x00007ffef8f70000 - 0x00007ffef9011000 	C:\WINDOWS\System32\ADVAPI32.dll
0x00007ffef9ed0000 - 0x00007ffef9f6e000 	C:\WINDOWS\System32\msvcrt.dll
0x00007ffefa090000 - 0x00007ffefa0eb000 	C:\WINDOWS\System32\sechost.dll
0x00007ffef9da0000 - 0x00007ffef9ec4000 	C:\WINDOWS\System32\RPCRT4.dll
0x00007ffef8de0000 - 0x00007ffef8f70000 	C:\WINDOWS\System32\USER32.dll
0x00007ffef74d0000 - 0x00007ffef74f0000 	C:\WINDOWS\System32\win32u.dll
0x00007ffefa160000 - 0x00007ffefa188000 	C:\WINDOWS\System32\GDI32.dll
0x00007ffef7330000 - 0x00007ffef74c2000 	C:\WINDOWS\System32\gdi32full.dll
0x00007ffef6660000 - 0x00007ffef66ff000 	C:\WINDOWS\System32\msvcp_win.dll
0x00007ffef75a0000 - 0x00007ffef7698000 	C:\WINDOWS\System32\ucrtbase.dll
0x00007ffee2ea0000 - 0x00007ffee3109000 	C:\WINDOWS\WinSxS\amd64_microsoft.windows.common-controls_6595b64144ccf1df_6.0.17134.648_none_fb45a0e93062a6d2\COMCTL32.dll
0x00007ffef9a50000 - 0x00007ffef9d72000 	C:\WINDOWS\System32\combase.dll
0x00007ffef76a0000 - 0x00007ffef771a000 	C:\WINDOWS\System32\bcryptPrimitives.dll
0x00007ffef9f70000 - 0x00007ffef9f9d000 	C:\WINDOWS\System32\IMM32.DLL
0x000000005a400000 - 0x000000005a4d2000 	C:\Program Files\Java\jre1.8.0_191\bin\msvcr100.dll
0x000000005a6a0000 - 0x000000005af44000 	C:\Program Files\Java\jre1.8.0_191\bin\server\jvm.dll
0x00007ffef8d30000 - 0x00007ffef8d38000 	C:\WINDOWS\System32\PSAPI.DLL
0x00007ffee17c0000 - 0x00007ffee17c9000 	C:\WINDOWS\SYSTEM32\WSOCK32.dll
0x00007ffefa0f0000 - 0x00007ffefa15c000 	C:\WINDOWS\System32\WS2_32.dll
0x00007ffef0ad0000 - 0x00007ffef0af3000 	C:\WINDOWS\SYSTEM32\WINMM.dll
0x00007ffee90a0000 - 0x00007ffee90aa000 	C:\WINDOWS\SYSTEM32\VERSION.dll
0x00007ffef0aa0000 - 0x00007ffef0aca000 	C:\WINDOWS\SYSTEM32\WINMMBASE.dll
0x00007ffef69e0000 - 0x00007ffef6a29000 	C:\WINDOWS\System32\cfgmgr32.dll
0x000000005a5b0000 - 0x000000005a5bf000 	C:\Program Files\Java\jre1.8.0_191\bin\verify.dll
0x000000005a580000 - 0x000000005a5a9000 	C:\Program Files\Java\jre1.8.0_191\bin\java.dll
0x000000005a560000 - 0x000000005a576000 	C:\Program Files\Java\jre1.8.0_191\bin\zip.dll
0x00007ffef78f0000 - 0x00007ffef8d30000 	C:\WINDOWS\System32\SHELL32.dll
0x00007ffef7840000 - 0x00007ffef78e9000 	C:\WINDOWS\System32\shcore.dll
0x00007ffef6a30000 - 0x00007ffef713d000 	C:\WINDOWS\System32\windows.storage.dll
0x00007ffef91a0000 - 0x00007ffef91f1000 	C:\WINDOWS\System32\shlwapi.dll
0x00007ffef65b0000 - 0x00007ffef65c1000 	C:\WINDOWS\System32\kernel.appcore.dll
0x00007ffef65f0000 - 0x00007ffef660f000 	C:\WINDOWS\System32\profapi.dll
0x00007ffef6610000 - 0x00007ffef665c000 	C:\WINDOWS\System32\powrprof.dll
0x00007ffef65a0000 - 0x00007ffef65aa000 	C:\WINDOWS\System32\FLTLIB.DLL
0x000000005a540000 - 0x000000005a55a000 	C:\Program Files\Java\jre1.8.0_191\bin\net.dll
0x00007ffef5e20000 - 0x00007ffef5e86000 	C:\WINDOWS\system32\mswsock.dll
0x000000005a520000 - 0x000000005a531000 	C:\Program Files\Java\jre1.8.0_191\bin\nio.dll
0x00007ffedf0c0000 - 0x00007ffedf123000 	C:\Users\boris\AppData\Local\Temp\lwjglboris\3.2.1-build-12\lwjgl.dll
0x00007ffe9ffa0000 - 0x00007ffea01f1000 	C:\Users\boris\AppData\Local\Temp\lwjglboris\3.2.1-build-12\jemalloc.dll
0x00007ffedc350000 - 0x00007ffedc3ae000 	C:\Users\boris\AppData\Local\Temp\lwjglboris\3.2.1-build-12\glfw.dll
0x00007ffef1610000 - 0x00007ffef16a8000 	C:\WINDOWS\system32\uxtheme.dll
0x00007ffedc1c0000 - 0x00007ffedc203000 	C:\WINDOWS\SYSTEM32\dinput8.dll
0x00007ffeee6e0000 - 0x00007ffeee6f0000 	C:\WINDOWS\SYSTEM32\xinput1_4.dll
0x00007ffef63b0000 - 0x00007ffef63d7000 	C:\WINDOWS\SYSTEM32\DEVOBJ.dll
0x00007ffef1860000 - 0x00007ffef1889000 	C:\WINDOWS\SYSTEM32\dwmapi.dll
0x00007ffee7ba0000 - 0x00007ffee7c19000 	C:\WINDOWS\SYSTEM32\inputhost.dll
0x00007ffef0e40000 - 0x00007ffef0f1a000 	C:\WINDOWS\SYSTEM32\CoreMessaging.dll
0x00007ffeeeff0000 - 0x00007ffeef13d000 	C:\WINDOWS\SYSTEM32\wintypes.dll
0x00007ffeee8a0000 - 0x00007ffeeebbe000 	C:\WINDOWS\SYSTEM32\CoreUIComponents.dll
0x00007ffef57a0000 - 0x00007ffef57d1000 	C:\WINDOWS\SYSTEM32\ntmarta.dll
0x00007ffef9020000 - 0x00007ffef9193000 	C:\WINDOWS\System32\MSCTF.dll
0x00007ffefa190000 - 0x00007ffefa253000 	C:\WINDOWS\System32\OLEAUT32.dll
0x00007ffef1f00000 - 0x00007ffef1f0c000 	C:\WINDOWS\SYSTEM32\HID.DLL
0x00007ffef9420000 - 0x00007ffef986b000 	C:\WINDOWS\System32\SETUPAPI.DLL
0x00007ffef6980000 - 0x00007ffef69d7000 	C:\WINDOWS\System32\WINTRUST.dll
0x00007ffef65d0000 - 0x00007ffef65e2000 	C:\WINDOWS\System32\MSASN1.dll
0x00007ffef7140000 - 0x00007ffef7322000 	C:\WINDOWS\System32\CRYPT32.dll
0x00007ffedb000000 - 0x00007ffedb120000 	C:\WINDOWS\SYSTEM32\opengl32.dll
0x00007ffeda5e0000 - 0x00007ffeda60c000 	C:\WINDOWS\SYSTEM32\GLU32.dll
0x00007ffe850a0000 - 0x00007ffe85f5f000 	C:\WINDOWS\System32\DriverStore\FileRepository\k127369.inf_amd64_b8b3c10a6624488c\ig9icd64.dll
0x00007ffef1e00000 - 0x00007ffef1e13000 	C:\WINDOWS\SYSTEM32\WTSAPI32.dll
0x00007ffef5360000 - 0x00007ffef541b000 	C:\WINDOWS\SYSTEM32\dxgi.dll
0x00007ffeea180000 - 0x00007ffeebf15000 	C:\WINDOWS\System32\DriverStore\FileRepository\k127369.inf_amd64_b8b3c10a6624488c\igc64.dll
0x00007ffee7b00000 - 0x00007ffee7b96000 	C:\WINDOWS\System32\TextInputFramework.dll
0x00007ffedc160000 - 0x00007ffedc1b8000 	C:\Users\boris\AppData\Local\Temp\lwjglboris\3.2.1-build-12\lwjgl_opengl.dll
0x00007ffedbe60000 - 0x00007ffedbed9000 	C:\Users\boris\AppData\Local\Temp\lwjglboris\3.2.1-build-12\lwjgl_stb.dll
0x00007ffef1fb0000 - 0x00007ffef2179000 	C:\WINDOWS\SYSTEM32\dbghelp.dll

VM Arguments:
jvm_args: -Dfile.encoding=Cp1252 
java_command: org.boby.RayTracing.main.Main
java_class_path (initial): C:\Program Files\Java\jre1.8.0_191\lib\resources.jar;C:\Program Files\Java\jre1.8.0_191\lib\rt.jar;C:\Program Files\Java\jre1.8.0_191\lib\jsse.jar;C:\Program Files\Java\jre1.8.0_191\lib\jce.jar;C:\Program Files\Java\jre1.8.0_191\lib\charsets.jar;C:\Program Files\Java\jre1.8.0_191\lib\jfr.jar;C:\Program Files\Java\jre1.8.0_191\lib\ext\access-bridge-64.jar;C:\Program Files\Java\jre1.8.0_191\lib\ext\cldrdata.jar;C:\Program Files\Java\jre1.8.0_191\lib\ext\dnsns.jar;C:\Program Files\Java\jre1.8.0_191\lib\ext\jaccess.jar;C:\Program Files\Java\jre1.8.0_191\lib\ext\jfxrt.jar;C:\Program Files\Java\jre1.8.0_191\lib\ext\localedata.jar;C:\Program Files\Java\jre1.8.0_191\lib\ext\nashorn.jar;C:\Program Files\Java\jre1.8.0_191\lib\ext\sunec.jar;C:\Program Files\Java\jre1.8.0_191\lib\ext\sunjce_provider.jar;C:\Program Files\Java\jre1.8.0_191\lib\ext\sunmscapi.jar;C:\Program Files\Java\jre1.8.0_191\lib\ext\sunpkcs11.jar;C:\Program Files\Java\jre1.8.0_191\lib\ext\zipfs.jar;C:\Boby\programming\JAVA\LWJGL 3\RayTracing\target\classes;C:\Users\boris\.m2\repository\org\lwjgl\lwjgl-stb\3.2.1\lwjgl-stb-3.2.1.jar;C:\Users\boris\.m2\repository\org\joml\joml\1.9.6\joml-1.9.6.jar;C:\Users\boris\.m2\repository\org\lwjgl\lwjgl\3.2.1\lwjgl-3.2.1.jar;C:\Users\boris\.m2\repository\org\lwjgl\lwjgl-assimp\3.2.1\lwjgl-assimp-3.2.1.jar;C:\Users\boris\.m2\repository\org\lwjgl\lwjgl-bgfx\3.2.1\lwjgl-bgfx-3.2.1.jar;C:\Users\boris\.m2\repository\org\lwjgl\lwjgl-cuda\3.2.1\lwjgl-cuda-3.2.1.jar;C:\Users\boris\.m2\repository\org\lwjgl\lwjgl-egl\3.2.1\lwjgl-egl-3.2.1.jar;C:\Users\boris\.m2\repository\org\lwjgl\lwjgl-glfw\3.2.1\lwjgl-glfw-3.2.1.jar;C:\Users\boris\.m2\repository\org\lwjgl\lwjgl-jawt\3.2.1\lwjgl-jawt-3.2.1.jar;C:\Users\boris\.m2\repository\org\lwjgl\lwjgl-jemalloc\3.2.1\lwjgl-jemalloc-3.2.1.jar;C:\Users\boris\.m2\repository\org\lwjgl\lwjgl-libdivide\3.2.1\lwjgl-libdivide-3.2.1.jar;C:\Users\boris\.m2\repository\org\lwjgl\lwjgl-llvm\3.2.1\lwjgl-llvm-3.2.1.jar;C:\Users\bo
Launcher Type: SUN_STANDARD

Environment Variables:
JAVA_HOME=C:\Program Files\Java\jdk1.8.0_151
PATH=C:/Program Files/Java/jre1.8.0_191/bin/server;C:/Program Files/Java/jre1.8.0_191/bin;C:/Program Files/Java/jre1.8.0_191/lib/amd64;C:\Program Files (x86)\Intel\iCLS Client\;C:\Program Files (x86)\Common Files\Oracle\Java\javapath;C:\ProgramData\Oracle\Java\javapath;C:\Program Files\Intel\iCLS Client\;C:\Windows\system32;C:\Windows;C:\Windows\System32\Wbem;C:\Windows\System32\WindowsPowerShell\v1.0\;C:\Program Files (x86)\NVIDIA Corporation\PhysX\Common;C:\WINDOWS\system32;C:\WINDOWS;C:\WINDOWS\System32\Wbem;C:\WINDOWS\System32\WindowsPowerShell\v1.0\;C:\Devel\brackets\command;C:\WINDOWS\System32\OpenSSH\;C:\Program Files (x86)\Intel\Intel(R) Management Engine Components\DAL;C:\Program Files\Intel\Intel(R) Management Engine Components\DAL;C:\Program Files (x86)\Intel\Intel(R) Management Engine Components\IPT;C:\Program Files\Intel\Intel(R) Management Engine Components\IPT;C:\Devel\node js\;C:\Users\boris\AppData\Local\Microsoft\WindowsApps;C:\Users\boris\AppData\Local\GitHubDesktop\bin;C:\Users\boris\AppData\Roaming\npm;C:\Devel\apache-maven-3.6.0\bin;;C:\Users\boris\Desktop;
USERNAME=boris
OS=Windows_NT
PROCESSOR_IDENTIFIER=Intel64 Family 6 Model 158 Stepping 9, GenuineIntel



---------------  S Y S T E M  ---------------

OS: Windows 10.0 , 64 bit Build 17134 (10.0.17134.648)

CPU:total 8 (initial active 8) (4 cores per cpu, 2 threads per core) family 6 model 158 stepping 9, cmov, cx8, fxsr, mmx, sse, sse2, sse3, ssse3, sse4.1, sse4.2, popcnt, avx, avx2, aes, clmul, erms, 3dnowpref, lzcnt, ht, tsc, tscinvbit, bmi1, bmi2, adx

Memory: 4k page, physical 8236992k(3071112k free), swap 11647608k(1763964k free)

vm_info: Java HotSpot(TM) 64-Bit Server VM (25.191-b12) for windows-amd64 JRE (1.8.0_191-b12), built on Oct  6 2018 09:29:03 by "java_re" with MS VC++ 10.0 (VS2010)

time: Sat Mar 30 19:09:32 2019
elapsed time: 1 seconds (0d 0h 0m 1s)

