2018-02-18 18:40:54,144 [Worker-1] INFO  c.g.t.t.d.PublishedGradleVersions - Gradle version information cache is out-of-date. Trying to update.
2018-02-18 18:45:03,272 [Start Help Server] INFO  org.eclipse.jetty.util.log - Logging initialized @255102ms to org.eclipse.jetty.util.log.Slf4jLog
2018-02-18 18:45:03,360 [Start Help Server] INFO  org.eclipse.jetty.server.Server - jetty-9.4.5.v20170502
2018-02-18 18:45:03,376 [Start Help Server] INFO  org.eclipse.jetty.server.session - DefaultSessionIdManager workerName=node0
2018-02-18 18:45:03,376 [Start Help Server] INFO  org.eclipse.jetty.server.session - No SessionScavenger set, using defaults
2018-02-18 18:45:03,377 [Start Help Server] INFO  org.eclipse.jetty.server.session - Scavenging every 600000ms
2018-02-18 18:45:03,396 [Start Help Server] INFO  o.e.j.server.handler.ContextHandler - Started o.e.j.s.ServletContextHandler@232a2663{/help,null,AVAILABLE}
2018-02-18 18:45:03,410 [Start Help Server] INFO  o.e.jetty.server.AbstractConnector - Started ServerConnector@283e0f92{HTTP/1.1,[http/1.1]}{127.0.0.1:49579}
2018-02-18 18:45:03,411 [Start Help Server] INFO  org.eclipse.jetty.server.Server - Started @255240ms
2018-02-18 18:53:39,915 [Stop Help Server] INFO  o.e.jetty.server.AbstractConnector - Stopped ServerConnector@283e0f92{HTTP/1.1,[http/1.1]}{127.0.0.1:0}
2018-02-18 18:53:39,915 [Stop Help Server] INFO  org.eclipse.jetty.server.session - Stopped scavenging
2018-02-18 18:53:39,925 [Stop Help Server] INFO  o.e.j.server.handler.ContextHandler - Stopped o.e.j.s.ServletContextHandler@232a2663{/help,null,UNAVAILABLE}
2018-02-18 18:55:17,151 [Worker-1] INFO  c.g.t.t.d.PublishedGradleVersions - Gradle version information cache is up-to-date. Trying to read.
2018-02-18 18:55:18,958 [Start Help Server] INFO  org.eclipse.jetty.util.log - Logging initialized @8051ms to org.eclipse.jetty.util.log.Slf4jLog
2018-02-18 18:55:19,060 [Start Help Server] INFO  org.eclipse.jetty.server.Server - jetty-9.4.5.v20170502
2018-02-18 18:55:19,073 [Start Help Server] INFO  org.eclipse.jetty.server.session - DefaultSessionIdManager workerName=node0
2018-02-18 18:55:19,074 [Start Help Server] INFO  org.eclipse.jetty.server.session - No SessionScavenger set, using defaults
2018-02-18 18:55:19,075 [Start Help Server] INFO  org.eclipse.jetty.server.session - Scavenging every 660000ms
2018-02-18 18:55:19,094 [Start Help Server] INFO  o.e.j.server.handler.ContextHandler - Started o.e.j.s.ServletContextHandler@69e296d1{/help,null,AVAILABLE}
2018-02-18 18:55:19,107 [Start Help Server] INFO  o.e.jetty.server.AbstractConnector - Started ServerConnector@1c096392{HTTP/1.1,[http/1.1]}{127.0.0.1:50212}
2018-02-18 18:55:19,108 [Start Help Server] INFO  org.eclipse.jetty.server.Server - Started @8200ms
2018-02-21 09:47:32,219 [Worker-3] INFO  c.g.t.t.d.PublishedGradleVersions - Gradle version information cache is out-of-date. Trying to update.
2018-02-23 08:34:50,333 [Worker-3] INFO  c.g.t.t.d.PublishedGradleVersions - Gradle version information cache is up-to-date. Trying to read.
2018-02-23 08:39:33,435 [Worker-0] INFO  c.g.t.t.d.PublishedGradleVersions - Gradle version information cache is up-to-date. Trying to read.
2018-02-23 09:37:52,161 [Worker-5] INFO  c.g.t.t.d.PublishedGradleVersions - Gradle version information cache is up-to-date. Trying to read.
2018-02-23 12:20:24,241 [Worker-0] INFO  c.g.t.t.d.PublishedGradleVersions - Gradle version information cache is up-to-date. Trying to read.
2018-03-01 21:35:51,012 [Worker-0] INFO  c.g.t.t.d.PublishedGradleVersions - Gradle version information cache is out-of-date. Trying to update.
2018-03-02 11:03:46,616 [Worker-5] INFO  c.g.t.t.d.PublishedGradleVersions - Gradle version information cache is up-to-date. Trying to read.
2018-03-22 11:22:43,195 [Worker-3] INFO  c.g.t.t.d.PublishedGradleVersions - Gradle version information cache is out-of-date. Trying to update.
2018-06-01 21:17:13,032 [Worker-4] INFO  c.g.t.t.d.PublishedGradleVersions - Gradle version information cache is up-to-date. Trying to read.
2018-06-01 21:38:47,041 [Worker-3] INFO  c.g.t.t.d.PublishedGradleVersions - Gradle version information cache is up-to-date. Trying to read.
2018-07-18 16:27:42,307 [Worker-1] INFO  c.g.t.t.d.PublishedGradleVersions - Gradle version information cache is out-of-date. Trying to update.
2018-08-10 12:41:21,081 [Worker-5] INFO  c.g.t.t.d.PublishedGradleVersions - Gradle version information cache is out-of-date. Trying to update.
2018-08-10 12:45:06,462 [Worker-0] INFO  c.g.t.t.d.PublishedGradleVersions - Gradle version information cache is up-to-date. Trying to read.
2018-08-10 12:46:35,779 [Worker-6] INFO  c.g.t.t.d.PublishedGradleVersions - Gradle version information cache is up-to-date. Trying to read.
